Log file open, 09/25/20 16:46:19
LogWindows: Failed to load 'aqProf.dll' (GetLastError=126)
LogWindows: File 'aqProf.dll' does not exist
LogWindows: Failed to load 'VtuneApi.dll' (GetLastError=126)
LogWindows: File 'VtuneApi.dll' does not exist
LogWindows: Failed to load 'VtuneApi32e.dll' (GetLastError=126)
LogWindows: File 'VtuneApi32e.dll' does not exist
LogConsoleResponse: Display: Failed to find resolution value strings in scalability ini. Falling back to default.
LogInit: Display: Running engine for game: Hw8
LogPlatformFile: Not using cached read wrapper
LogTaskGraph: Started task graph with 5 named threads and 14 total threads with 3 sets of task threads.
LogStats: Stats thread started at 0.107330
LogD3D11RHI: Loaded GFSDK_Aftermath_Lib.x64.dll
LogICUInternationalization: ICU TimeZone Detection - Raw Offset: +3:00, Platform Override: ''
LogPluginManager: Mounting plugin Paper2D
LogPluginManager: Mounting plugin AISupport
LogPluginManager: Mounting plugin LightPropagationVolume
LogPluginManager: Mounting plugin ActorLayerUtilities
LogPluginManager: Mounting plugin AnimationSharing
LogPluginManager: Mounting plugin CLionSourceCodeAccess
LogPluginManager: Mounting plugin CodeLiteSourceCodeAccess
LogPluginManager: Mounting plugin GitSourceControl
LogPluginManager: Mounting plugin KDevelopSourceCodeAccess
LogPluginManager: Mounting plugin NullSourceCodeAccess
LogPluginManager: Mounting plugin PerforceSourceControl
LogPluginManager: Mounting plugin PlasticSourceControl
LogPluginManager: Mounting plugin SubversionSourceControl
LogPluginManager: Mounting plugin UObjectPlugin
LogPluginManager: Mounting plugin VisualStudioCodeSourceCodeAccess
LogPluginManager: Mounting plugin VisualStudioSourceCodeAccess
LogPluginManager: Mounting plugin XCodeSourceCodeAccess
LogPluginManager: Mounting plugin AssetManagerEditor
LogPluginManager: Mounting plugin CryptoKeys
LogPluginManager: Mounting plugin CurveEditorTools
LogPluginManager: Mounting plugin DataValidation
LogPluginManager: Mounting plugin FacialAnimation
LogPluginManager: Mounting plugin GameplayTagsEditor
LogPluginManager: Mounting plugin MacGraphicsSwitching
LogPluginManager: Mounting plugin MaterialAnalyzer
LogPluginManager: Mounting plugin MobileLauncherProfileWizard
LogPluginManager: Mounting plugin PluginBrowser
LogPluginManager: Mounting plugin SpeedTreeImporter
LogPluginManager: Mounting plugin DatasmithContent
LogPluginManager: Mounting plugin VariantManagerContent
LogPluginManager: Mounting plugin AlembicImporter
LogPluginManager: Mounting plugin AutomationUtils
LogPluginManager: Mounting plugin BackChannel
LogPluginManager: Mounting plugin CharacterAI
LogPluginManager: Mounting plugin GeometryCache
LogPluginManager: Mounting plugin PlatformCrypto
LogPluginManager: Mounting plugin ProxyLODPlugin
LogPluginManager: Mounting plugin SkeletalReduction
LogPluginManager: Mounting plugin MagicLeap
LogPluginManager: Mounting plugin MagicLeapMedia
LogPluginManager: Mounting plugin MLSDK
LogPluginManager: Mounting plugin AndroidMedia
LogPluginManager: Mounting plugin AvfMedia
LogPluginManager: Mounting plugin ImgMedia
LogPluginManager: Mounting plugin MediaCompositing
LogPluginManager: Mounting plugin MediaPlayerEditor
LogPluginManager: Mounting plugin WebMMedia
LogPluginManager: Mounting plugin WmfMedia
LogPluginManager: Mounting plugin TcpMessaging
LogPluginManager: Mounting plugin UdpMessaging
LogPluginManager: Mounting plugin ActorSequence
LogPluginManager: Mounting plugin LevelSequenceEditor
LogPluginManager: Mounting plugin MatineeToLevelSequence
LogPluginManager: Mounting plugin NetcodeUnitTest
LogPluginManager: Mounting plugin NUTUnrealEngine4
LogPluginManager: Mounting plugin OnlineSubsystemGooglePlay
LogPluginManager: Mounting plugin OnlineSubsystemIOS
LogPluginManager: Mounting plugin OnlineSubsystem
LogPluginManager: Mounting plugin OnlineSubsystemNull
LogPluginManager: Mounting plugin OnlineSubsystemUtils
LogPluginManager: Mounting plugin LauncherChunkInstaller
LogPluginManager: Mounting plugin AndroidDeviceProfileSelector
LogPluginManager: Mounting plugin AndroidMoviePlayer
LogPluginManager: Mounting plugin AndroidPermission
LogPluginManager: Mounting plugin AppleImageUtils
LogPluginManager: Mounting plugin AppleMoviePlayer
LogPluginManager: Mounting plugin ArchVisCharacter
LogPluginManager: Mounting plugin AssetTags
LogPluginManager: Mounting plugin AudioCapture
LogPluginManager: Mounting plugin CableComponent
LogPluginManager: Mounting plugin CustomMeshComponent
LogPluginManager: Mounting plugin EditableMesh
LogPluginManager: Mounting plugin ExampleDeviceProfileSelector
LogPluginManager: Mounting plugin GoogleCloudMessaging
LogPluginManager: Mounting plugin IOSDeviceProfileSelector
LogPluginManager: Mounting plugin LinuxDeviceProfileSelector
LogPluginManager: Mounting plugin LocationServicesBPLibrary
LogPluginManager: Mounting plugin MobilePatchingUtils
LogPluginManager: Mounting plugin OculusVR
LogPluginManager: Mounting plugin PhysXVehicles
LogPluginManager: Mounting plugin PostSplashScreen
LogPluginManager: Mounting plugin ProceduralMeshComponent
LogPluginManager: Mounting plugin RuntimePhysXCooking
LogPluginManager: Mounting plugin SignificanceManager
LogPluginManager: Mounting plugin SteamVR
LogPluginManager: Mounting plugin WebMMoviePlayer
LogPluginManager: Mounting plugin WindowsMoviePlayer
LogPluginManager: Mounting plugin ScreenshotTools
LogInit: Using libcurl 7.55.1-DEV
LogInit:  - built for x86_64-pc-win32
LogInit:  - supports SSL with OpenSSL/1.1.1
LogInit:  - supports HTTP deflate (compression) using libz 1.2.8
LogInit:  - other features:
LogInit:      CURL_VERSION_SSL
LogInit:      CURL_VERSION_LIBZ
LogInit:      CURL_VERSION_IPV6
LogInit:      CURL_VERSION_ASYNCHDNS
LogInit:      CURL_VERSION_LARGEFILE
LogInit:      CURL_VERSION_IDN
LogInit:  CurlRequestOptions (configurable via config and command line):
LogInit:  - bVerifyPeer = true  - Libcurl will verify peer certificate
LogInit:  - bUseHttpProxy = false  - Libcurl will NOT use HTTP proxy
LogInit:  - bDontReuseConnections = false  - Libcurl will reuse connections
LogInit:  - MaxHostConnections = 16  - Libcurl will limit the number of connections to a host
LogInit:  - LocalHostAddr = Default
LogInit:  - BufferSize = 65536
LogOnline: OSS: Creating online subsystem instance for: NULL
LogInit: WinSock: version 1.1 (2.2), MaxSocks=32767, MaxUdp=65467
LogOnline: OSS: TryLoadSubsystemAndSetDefault: Loaded subsystem for module [NULL]
LogInit: Build: ++UE4+Release-4.24-CL-11590370
LogInit: Engine Version: 4.24.3-11590370+++UE4+Release-4.24
LogInit: Compatible Engine Version: 4.24.0-10570792+++UE4+Release-4.24
LogInit: Net CL: 10570792
LogInit: OS: Windows 7 (Service Pack 1), CPU: AMD Phenom(tm) II X4 940 Processor, GPU: AMD Radeon HD 7900 Series
LogInit: Compiled (64-bit): Feb 24 2020 15:39:18
LogInit: Compiled with Visual C++: 19.16.27032.01
LogInit: Build Configuration: Development
LogInit: Branch Name: ++UE4+Release-4.24
LogInit: Command Line: 
LogInit: Base Directory: F:/Program Files/Epic Games/UE_4.24/Engine/Binaries/Win64/
LogInit: Installed Engine Build: 1
LogDevObjectVersion: Number of dev versions registered: 25
LogDevObjectVersion:   Dev-Blueprints (B0D832E4-1F89-4F0D-ACCF-7EB736FD4AA2): 10
LogDevObjectVersion:   Dev-Build (E1C64328-A22C-4D53-A36C-8E866417BD8C): 0
LogDevObjectVersion:   Dev-Core (375EC13C-06E4-48FB-B500-84F0262A717E): 3
LogDevObjectVersion:   Dev-Editor (E4B068ED-F494-42E9-A231-DA0B2E46BB41): 37
LogDevObjectVersion:   Dev-Framework (CFFC743F-43B0-4480-9391-14DF171D2073): 36
LogDevObjectVersion:   Dev-Mobile (B02B49B5-BB20-44E9-A304-32B752E40360): 2
LogDevObjectVersion:   Dev-Networking (A4E4105C-59A1-49B5-A7C5-40C4547EDFEE): 0
LogDevObjectVersion:   Dev-Online (39C831C9-5AE6-47DC-9A44-9C173E1C8E7C): 0
LogDevObjectVersion:   Dev-Physics (78F01B33-EBEA-4F98-B9B4-84EACCB95AA2): 2
LogDevObjectVersion:   Dev-Platform (6631380F-2D4D-43E0-8009-CF276956A95A): 0
LogDevObjectVersion:   Dev-Rendering (12F88B9F-8875-4AFC-A67C-D90C383ABD29): 36
LogDevObjectVersion:   Dev-Sequencer (7B5AE74C-D270-4C10-A958-57980B212A5A): 11
LogDevObjectVersion:   Dev-VR (D7296918-1DD6-4BDD-9DE2-64A83CC13884): 2
LogDevObjectVersion:   Dev-LoadTimes (C2A15278-BFE7-4AFE-6C17-90FF531DF755): 1
LogDevObjectVersion:   Private-Geometry (6EACA3D4-40EC-4CC1-B786-8BED09428FC5): 3
LogDevObjectVersion:   Dev-AnimPhys (29E575DD-E0A3-4627-9D10-D276232CDCEA): 17
LogDevObjectVersion:   Dev-Anim (AF43A65D-7FD3-4947-9873-3E8ED9C1BB05): 2
LogDevObjectVersion:   Dev-ReflectionCapture (6B266CEC-1EC7-4B8F-A30B-E4D90942FC07): 1
LogDevObjectVersion:   Dev-Automation (0DF73D61-A23F-47EA-B727-89E90C41499A): 1
LogDevObjectVersion:   FortniteMain (601D1886-AC64-4F84-AA16-D3DE0DEAC7D6): 31
LogDevObjectVersion:   Dev-Enterprise (9DFFBCD6-494F-0158-E221-12823C92A888): 8
LogDevObjectVersion:   Dev-Niagara (F2AED0AC-9AFE-416F-8664-AA7FFA26D6FC): 1
LogDevObjectVersion:   Dev-Destruction (174F1F0B-B4C6-45A5-B13F-2EE8D0FB917D): 9
LogDevObjectVersion:   Dev-Physics-Ext (35F94A83-E258-406C-A318-09F59610247C): 8
LogDevObjectVersion:   Dev-CineCamera (B2E18506-4273-CFC2-A54E-F4BB758BBA07): 1
LogInit: Presizing for max 25165824 objects, including 0 objects not considered by GC, pre-allocating 0 bytes for permanent pool.
LogInit: Object subsystem initialized
LogConfig: Setting CVar [[con.DebugEarlyDefault:1]]
LogConfig: Setting CVar [[r.setres:1280x720]]
[2020.09.25-13.46.19:842][  0]LogConfig: Setting CVar [[r.VSync:0]]
[2020.09.25-13.46.19:842][  0]LogConfig: Setting CVar [[r.RHICmdBypass:0]]
[2020.09.25-13.46.19:842][  0]LogConfig: Applying CVar settings from Section [/Script/Engine.RendererSettings] File [F:/Ready Games Unity/forGitHub/HomeWork_8/Hw8/Saved/Config/Windows/Engine.ini]
[2020.09.25-13.46.19:842][  0]LogConfig: Setting CVar [[r.GPUCrashDebugging:0]]
[2020.09.25-13.46.19:842][  0]LogConfig: Applying CVar settings from Section [/Script/Engine.RendererOverrideSettings] File [F:/Ready Games Unity/forGitHub/HomeWork_8/Hw8/Saved/Config/Windows/Engine.ini]
[2020.09.25-13.46.19:843][  0]LogConfig: Applying CVar settings from Section [/Script/Engine.StreamingSettings] File [F:/Ready Games Unity/forGitHub/HomeWork_8/Hw8/Saved/Config/Windows/Engine.ini]
[2020.09.25-13.46.19:843][  0]LogConfig: Setting CVar [[s.MinBulkDataSizeForAsyncLoading:131072]]
[2020.09.25-13.46.19:843][  0]LogConfig: Setting CVar [[s.AsyncLoadingThreadEnabled:0]]
[2020.09.25-13.46.19:843][  0]LogConfig: Setting CVar [[s.EventDrivenLoaderEnabled:1]]
[2020.09.25-13.46.19:843][  0]LogConfig: Setting CVar [[s.WarnIfTimeLimitExceeded:0]]
[2020.09.25-13.46.19:843][  0]LogConfig: Setting CVar [[s.TimeLimitExceededMultiplier:1.5]]
[2020.09.25-13.46.19:843][  0]LogConfig: Setting CVar [[s.TimeLimitExceededMinTime:0.005]]
[2020.09.25-13.46.19:843][  0]LogConfig: Setting CVar [[s.UseBackgroundLevelStreaming:1]]
[2020.09.25-13.46.19:843][  0]LogConfig: Setting CVar [[s.PriorityAsyncLoadingExtraTime:15.0]]
[2020.09.25-13.46.19:843][  0]LogConfig: Setting CVar [[s.LevelStreamingActorsUpdateTimeLimit:5.0]]
[2020.09.25-13.46.19:843][  0]LogConfig: Setting CVar [[s.PriorityLevelStreamingActorsUpdateExtraTime:5.0]]
[2020.09.25-13.46.19:843][  0]LogConfig: Setting CVar [[s.LevelStreamingComponentsRegistrationGranularity:10]]
[2020.09.25-13.46.19:843][  0]LogConfig: Setting CVar [[s.UnregisterComponentsTimeLimit:1.0]]
[2020.09.25-13.46.19:843][  0]LogConfig: Setting CVar [[s.LevelStreamingComponentsUnregistrationGranularity:5]]
[2020.09.25-13.46.19:843][  0]LogConfig: Setting CVar [[s.FlushStreamingOnExit:1]]
[2020.09.25-13.46.19:843][  0]LogConfig: Applying CVar settings from Section [/Script/Engine.GarbageCollectionSettings] File [F:/Ready Games Unity/forGitHub/HomeWork_8/Hw8/Saved/Config/Windows/Engine.ini]
[2020.09.25-13.46.19:843][  0]LogConfig: Setting CVar [[gc.MaxObjectsNotConsideredByGC:1]]
[2020.09.25-13.46.19:843][  0]LogConfig: Setting CVar [[gc.SizeOfPermanentObjectPool:0]]
[2020.09.25-13.46.19:843][  0]LogConfig: Setting CVar [[gc.FlushStreamingOnGC:0]]
[2020.09.25-13.46.19:843][  0]LogConfig: Setting CVar [[gc.NumRetriesBeforeForcingGC:10]]
[2020.09.25-13.46.19:843][  0]LogConfig: Setting CVar [[gc.AllowParallelGC:1]]
[2020.09.25-13.46.19:843][  0]LogConfig: Setting CVar [[gc.TimeBetweenPurgingPendingKillObjects:61.1]]
[2020.09.25-13.46.19:843][  0]LogConfig: Setting CVar [[gc.MaxObjectsInEditor:25165824]]
[2020.09.25-13.46.19:843][  0]LogConfig: Setting CVar [[gc.IncrementalBeginDestroyEnabled:1]]
[2020.09.25-13.46.19:843][  0]LogConfig: Setting CVar [[gc.CreateGCClusters:1]]
[2020.09.25-13.46.19:843][  0]LogConfig: Setting CVar [[gc.MinGCClusterSize:5]]
[2020.09.25-13.46.19:843][  0]LogConfig: Setting CVar [[gc.ActorClusteringEnabled:0]]
[2020.09.25-13.46.19:843][  0]LogConfig: Setting CVar [[gc.BlueprintClusteringEnabled:0]]
[2020.09.25-13.46.19:843][  0]LogConfig: Setting CVar [[gc.UseDisregardForGCOnDedicatedServers:0]]
[2020.09.25-13.46.19:843][  0]LogConfig: Applying CVar settings from Section [/Script/Engine.NetworkSettings] File [F:/Ready Games Unity/forGitHub/HomeWork_8/Hw8/Saved/Config/Windows/Engine.ini]
[2020.09.25-13.46.19:843][  0]LogConfig: Applying CVar settings from Section [/Script/UnrealEd.CookerSettings] File [F:/Ready Games Unity/forGitHub/HomeWork_8/Hw8/Saved/Config/Windows/Engine.ini]
[2020.09.25-13.46.19:861][  0]LogConfig: Applying CVar settings from Section [ViewDistanceQuality@3] File [F:/Ready Games Unity/forGitHub/HomeWork_8/Hw8/Saved/Config/Windows/Scalability.ini]
[2020.09.25-13.46.19:861][  0]LogConfig: Setting CVar [[r.SkeletalMeshLODBias:0]]
[2020.09.25-13.46.19:861][  0]LogConfig: Setting CVar [[r.ViewDistanceScale:1.0]]
[2020.09.25-13.46.19:861][  0]LogConfig: Applying CVar settings from Section [AntiAliasingQuality@3] File [F:/Ready Games Unity/forGitHub/HomeWork_8/Hw8/Saved/Config/Windows/Scalability.ini]
[2020.09.25-13.46.19:861][  0]LogConfig: Setting CVar [[r.PostProcessAAQuality:4]]
[2020.09.25-13.46.19:861][  0]LogConfig: Applying CVar settings from Section [ShadowQuality@3] File [F:/Ready Games Unity/forGitHub/HomeWork_8/Hw8/Saved/Config/Windows/Scalability.ini]
[2020.09.25-13.46.19:861][  0]LogConfig: Setting CVar [[r.LightFunctionQuality:1]]
[2020.09.25-13.46.19:861][  0]LogConfig: Setting CVar [[r.ShadowQuality:5]]
[2020.09.25-13.46.19:861][  0]LogConfig: Setting CVar [[r.Shadow.CSM.MaxCascades:10]]
[2020.09.25-13.46.19:861][  0]LogConfig: Setting CVar [[r.Shadow.MaxResolution:2048]]
[2020.09.25-13.46.19:861][  0]LogConfig: Setting CVar [[r.Shadow.MaxCSMResolution:2048]]
[2020.09.25-13.46.19:861][  0]LogConfig: Setting CVar [[r.Shadow.RadiusThreshold:0.01]]
[2020.09.25-13.46.19:861][  0]LogConfig: Setting CVar [[r.Shadow.DistanceScale:1.0]]
[2020.09.25-13.46.19:862][  0]LogConfig: Setting CVar [[r.Shadow.CSM.TransitionScale:1.0]]
[2020.09.25-13.46.19:862][  0]LogConfig: Setting CVar [[r.Shadow.PreShadowResolutionFactor:1.0]]
[2020.09.25-13.46.19:862][  0]LogConfig: Setting CVar [[r.DistanceFieldShadowing:1]]
[2020.09.25-13.46.19:862][  0]LogConfig: Setting CVar [[r.DistanceFieldAO:1]]
[2020.09.25-13.46.19:862][  0]LogConfig: Setting CVar [[r.AOQuality:2]]
[2020.09.25-13.46.19:862][  0]LogConfig: Setting CVar [[r.VolumetricFog:1]]
[2020.09.25-13.46.19:862][  0]LogConfig: Setting CVar [[r.VolumetricFog.GridPixelSize:8]]
[2020.09.25-13.46.19:862][  0]LogConfig: Setting CVar [[r.VolumetricFog.GridSizeZ:128]]
[2020.09.25-13.46.19:862][  0]LogConfig: Setting CVar [[r.VolumetricFog.HistoryMissSupersampleCount:4]]
[2020.09.25-13.46.19:862][  0]LogConfig: Setting CVar [[r.LightMaxDrawDistanceScale:1]]
[2020.09.25-13.46.19:862][  0]LogConfig: Setting CVar [[r.CapsuleShadows:1]]
[2020.09.25-13.46.19:862][  0]LogConfig: Applying CVar settings from Section [PostProcessQuality@3] File [F:/Ready Games Unity/forGitHub/HomeWork_8/Hw8/Saved/Config/Windows/Scalability.ini]
[2020.09.25-13.46.19:862][  0]LogConfig: Setting CVar [[r.MotionBlurQuality:4]]
[2020.09.25-13.46.19:862][  0]LogConfig: Setting CVar [[r.AmbientOcclusionMipLevelFactor:0.4]]
[2020.09.25-13.46.19:862][  0]LogConfig: Setting CVar [[r.AmbientOcclusionMaxQuality:100]]
[2020.09.25-13.46.19:862][  0]LogConfig: Setting CVar [[r.AmbientOcclusionLevels:-1]]
[2020.09.25-13.46.19:862][  0]LogConfig: Setting CVar [[r.AmbientOcclusionRadiusScale:1.0]]
[2020.09.25-13.46.19:862][  0]LogConfig: Setting CVar [[r.DepthOfFieldQuality:2]]
[2020.09.25-13.46.19:862][  0]LogConfig: Setting CVar [[r.RenderTargetPoolMin:400]]
[2020.09.25-13.46.19:862][  0]LogConfig: Setting CVar [[r.LensFlareQuality:2]]
[2020.09.25-13.46.19:862][  0]LogConfig: Setting CVar [[r.SceneColorFringeQuality:1]]
[2020.09.25-13.46.19:862][  0]LogConfig: Setting CVar [[r.EyeAdaptationQuality:2]]
[2020.09.25-13.46.19:862][  0]LogConfig: Setting CVar [[r.BloomQuality:5]]
[2020.09.25-13.46.19:862][  0]LogConfig: Setting CVar [[r.FastBlurThreshold:100]]
[2020.09.25-13.46.19:862][  0]LogConfig: Setting CVar [[r.Upscale.Quality:3]]
[2020.09.25-13.46.19:862][  0]LogConfig: Setting CVar [[r.Tonemapper.GrainQuantization:1]]
[2020.09.25-13.46.19:862][  0]LogConfig: Setting CVar [[r.LightShaftQuality:1]]
[2020.09.25-13.46.19:862][  0]LogConfig: Setting CVar [[r.Filter.SizeScale:1]]
[2020.09.25-13.46.19:862][  0]LogConfig: Setting CVar [[r.Tonemapper.Quality:5]]
[2020.09.25-13.46.19:862][  0]LogConfig: Setting CVar [[r.DOF.Gather.AccumulatorQuality:1        ; higher gathering accumulator quality]]
[2020.09.25-13.46.19:862][  0]LogConfig: Setting CVar [[r.DOF.Gather.PostfilterMethod:1          ; Median3x3 postfilering method]]
[2020.09.25-13.46.19:862][  0]LogConfig: Setting CVar [[r.DOF.Gather.EnableBokehSettings:0       ; no bokeh simulation when gathering]]
[2020.09.25-13.46.19:862][  0]LogConfig: Setting CVar [[r.DOF.Gather.RingCount:4                 ; medium number of samples when gathering]]
[2020.09.25-13.46.19:862][  0]LogConfig: Setting CVar [[r.DOF.Scatter.ForegroundCompositing:1    ; additive foreground scattering]]
[2020.09.25-13.46.19:862][  0]LogConfig: Setting CVar [[r.DOF.Scatter.BackgroundCompositing:2    ; additive background scattering]]
[2020.09.25-13.46.19:862][  0]LogConfig: Setting CVar [[r.DOF.Scatter.EnableBokehSettings:1      ; bokeh simulation when scattering]]
[2020.09.25-13.46.19:862][  0]LogConfig: Setting CVar [[r.DOF.Scatter.MaxSpriteRatio:0.1         ; only a maximum of 10% of scattered bokeh]]
[2020.09.25-13.46.19:863][  0]LogConfig: Setting CVar [[r.DOF.Recombine.Quality:1                ; cheap slight out of focus]]
[2020.09.25-13.46.19:863][  0]LogConfig: Setting CVar [[r.DOF.Recombine.EnableBokehSettings:0    ; no bokeh simulation on slight out of focus]]
[2020.09.25-13.46.19:863][  0]LogConfig: Setting CVar [[r.DOF.TemporalAAQuality:1                ; more stable temporal accumulation]]
[2020.09.25-13.46.19:863][  0]LogConfig: Setting CVar [[r.DOF.Kernel.MaxForegroundRadius:0.025]]
[2020.09.25-13.46.19:863][  0]LogConfig: Setting CVar [[r.DOF.Kernel.MaxBackgroundRadius:0.025]]
[2020.09.25-13.46.19:863][  0]LogConfig: Applying CVar settings from Section [TextureQuality@3] File [F:/Ready Games Unity/forGitHub/HomeWork_8/Hw8/Saved/Config/Windows/Scalability.ini]
[2020.09.25-13.46.19:863][  0]LogConfig: Setting CVar [[r.Streaming.MipBias:0]]
[2020.09.25-13.46.19:863][  0]LogConfig: Setting CVar [[r.Streaming.AmortizeCPUToGPUCopy:0]]
[2020.09.25-13.46.19:863][  0]LogConfig: Setting CVar [[r.Streaming.MaxNumTexturesToStreamPerFrame:0]]
[2020.09.25-13.46.19:863][  0]LogConfig: Setting CVar [[r.Streaming.Boost:1]]
[2020.09.25-13.46.19:863][  0]LogConfig: Setting CVar [[r.MaxAnisotropy:8]]
[2020.09.25-13.46.19:863][  0]LogConfig: Setting CVar [[r.VT.MaxAnisotropy:8]]
[2020.09.25-13.46.19:863][  0]LogConfig: Setting CVar [[r.Streaming.LimitPoolSizeToVRAM:0]]
[2020.09.25-13.46.19:863][  0]LogConfig: Setting CVar [[r.Streaming.PoolSize:1000]]
[2020.09.25-13.46.19:863][  0]LogConfig: Setting CVar [[r.Streaming.MaxEffectiveScreenSize:0]]
[2020.09.25-13.46.19:863][  0]LogConfig: Applying CVar settings from Section [EffectsQuality@3] File [F:/Ready Games Unity/forGitHub/HomeWork_8/Hw8/Saved/Config/Windows/Scalability.ini]
[2020.09.25-13.46.19:863][  0]LogConfig: Setting CVar [[r.TranslucencyLightingVolumeDim:64]]
[2020.09.25-13.46.19:863][  0]LogConfig: Setting CVar [[r.RefractionQuality:2]]
[2020.09.25-13.46.19:863][  0]LogConfig: Setting CVar [[r.SSR.Quality:3]]
[2020.09.25-13.46.19:863][  0]LogConfig: Setting CVar [[r.SSR.HalfResSceneColor:0]]
[2020.09.25-13.46.19:863][  0]LogConfig: Setting CVar [[r.SceneColorFormat:4]]
[2020.09.25-13.46.19:863][  0]LogConfig: Setting CVar [[r.DetailMode:2]]
[2020.09.25-13.46.19:863][  0]LogConfig: Setting CVar [[r.TranslucencyVolumeBlur:1]]
[2020.09.25-13.46.19:863][  0]LogConfig: Setting CVar [[r.MaterialQualityLevel:1 ; High quality]]
[2020.09.25-13.46.19:863][  0]LogConfig: Setting CVar [[r.SSS.Scale:1]]
[2020.09.25-13.46.19:863][  0]LogConfig: Setting CVar [[r.SSS.SampleSet:2]]
[2020.09.25-13.46.19:863][  0]LogConfig: Setting CVar [[r.SSS.Quality:1]]
[2020.09.25-13.46.19:863][  0]LogConfig: Setting CVar [[r.SSS.HalfRes:1]]
[2020.09.25-13.46.19:863][  0]LogConfig: Setting CVar [[r.SSGI.Quality:3]]
[2020.09.25-13.46.19:863][  0]LogConfig: Setting CVar [[r.EmitterSpawnRateScale:1.0]]
[2020.09.25-13.46.19:863][  0]LogConfig: Setting CVar [[r.ParticleLightQuality:2]]
[2020.09.25-13.46.19:863][  0]LogConfig: Setting CVar [[r.SkyAtmosphere.AerialPerspectiveLUT.FastApplyOnOpaque:1 ; Always have FastSkyLUT 1 in this case to avoid wrong sky]]
[2020.09.25-13.46.19:863][  0]LogConfig: Setting CVar [[r.SkyAtmosphere.AerialPerspectiveLUT.SampleCountPerSlice:1]]
[2020.09.25-13.46.19:863][  0]LogConfig: Setting CVar [[r.SkyAtmosphere.AerialPerspectiveLUT.DepthResolution:16.0]]
[2020.09.25-13.46.19:863][  0]LogConfig: Setting CVar [[r.SkyAtmosphere.FastSkyLUT:1]]
[2020.09.25-13.46.19:863][  0]LogConfig: Setting CVar [[r.SkyAtmosphere.FastSkyLUT.SampleCountMin:4.0]]
[2020.09.25-13.46.19:864][  0]LogConfig: Setting CVar [[r.SkyAtmosphere.FastSkyLUT.SampleCountMax:32.0]]
[2020.09.25-13.46.19:864][  0]LogConfig: Setting CVar [[r.SkyAtmosphere.SampleCountMin:4.0]]
[2020.09.25-13.46.19:864][  0]LogConfig: Setting CVar [[r.SkyAtmosphere.SampleCountMax:32.0]]
[2020.09.25-13.46.19:864][  0]LogConfig: Setting CVar [[r.SkyAtmosphere.TransmittanceLUT.UseSmallFormat:0]]
[2020.09.25-13.46.19:864][  0]LogConfig: Setting CVar [[r.SkyAtmosphere.TransmittanceLUT.SampleCount:10.0]]
[2020.09.25-13.46.19:864][  0]LogConfig: Setting CVar [[r.SkyAtmosphere.MultiScatteringLUT.SampleCount:15.0]]
[2020.09.25-13.46.19:864][  0]LogConfig: Applying CVar settings from Section [FoliageQuality@3] File [F:/Ready Games Unity/forGitHub/HomeWork_8/Hw8/Saved/Config/Windows/Scalability.ini]
[2020.09.25-13.46.19:864][  0]LogConfig: Setting CVar [[foliage.DensityScale:1.0]]
[2020.09.25-13.46.19:864][  0]LogConfig: Setting CVar [[grass.DensityScale:1.0]]
[2020.09.25-13.46.19:864][  0]LogConfig: Applying CVar settings from Section [ShadingQuality@3] File [F:/Ready Games Unity/forGitHub/HomeWork_8/Hw8/Saved/Config/Windows/Scalability.ini]
[2020.09.25-13.46.19:864][  0]LogConfig: Setting CVar [[r.HairStrands.SkyLighting.SampleCount:16]]
[2020.09.25-13.46.19:864][  0]LogConfig: Setting CVar [[r.HairStrands.SkyLighting.JitterIntegration:0]]
[2020.09.25-13.46.19:864][  0]LogConfig: Setting CVar [[r.HairStrands.SkyAO.SampleCount:16]]
[2020.09.25-13.46.19:864][  0]LogInit: Selected Device Profile: [Windows]
[2020.09.25-13.46.19:864][  0]LogInit: Applying CVar settings loaded from the selected device profile: [Windows]
[2020.09.25-13.46.19:868][  0]LogHAL: Display: Platform has ~ 8 GB [8589467648 / 8589934592 / 8], which maps to Default [LargestMinGB=32, LargerMinGB=12, DefaultMinGB=8, SmallerMinGB=6, SmallestMinGB=0)
[2020.09.25-13.46.19:868][  0]LogInit: Going up to parent DeviceProfile []
[2020.09.25-13.46.19:868][  0]LogConfig: Applying CVar settings from Section [ViewDistanceQuality@1] File [F:/Ready Games Unity/forGitHub/HomeWork_8/Hw8/Saved/Config/Windows/Scalability.ini]
[2020.09.25-13.46.19:868][  0]LogConfig: Setting CVar [[r.SkeletalMeshLODBias:1]]
[2020.09.25-13.46.19:868][  0]LogConfig: Setting CVar [[r.ViewDistanceScale:0.6]]
[2020.09.25-13.46.19:868][  0]LogConfig: Applying CVar settings from Section [AntiAliasingQuality@1] File [F:/Ready Games Unity/forGitHub/HomeWork_8/Hw8/Saved/Config/Windows/Scalability.ini]
[2020.09.25-13.46.19:868][  0]LogConfig: Setting CVar [[r.PostProcessAAQuality:2]]
[2020.09.25-13.46.19:868][  0]LogConfig: Applying CVar settings from Section [ShadowQuality@1] File [F:/Ready Games Unity/forGitHub/HomeWork_8/Hw8/Saved/Config/Windows/Scalability.ini]
[2020.09.25-13.46.19:868][  0]LogConfig: Setting CVar [[r.LightFunctionQuality:1]]
[2020.09.25-13.46.19:868][  0]LogConfig: Setting CVar [[r.ShadowQuality:3]]
[2020.09.25-13.46.19:868][  0]LogConfig: Setting CVar [[r.Shadow.CSM.MaxCascades:1]]
[2020.09.25-13.46.19:868][  0]LogConfig: Setting CVar [[r.Shadow.MaxResolution:1024]]
[2020.09.25-13.46.19:868][  0]LogConfig: Setting CVar [[r.Shadow.MaxCSMResolution:1024]]
[2020.09.25-13.46.19:868][  0]LogConfig: Setting CVar [[r.Shadow.RadiusThreshold:0.05]]
[2020.09.25-13.46.19:868][  0]LogConfig: Setting CVar [[r.Shadow.DistanceScale:0.7]]
[2020.09.25-13.46.19:868][  0]LogConfig: Setting CVar [[r.Shadow.CSM.TransitionScale:0.25]]
[2020.09.25-13.46.19:868][  0]LogConfig: Setting CVar [[r.Shadow.PreShadowResolutionFactor:0.5]]
[2020.09.25-13.46.19:868][  0]LogConfig: Setting CVar [[r.DistanceFieldShadowing:0]]
[2020.09.25-13.46.19:868][  0]LogConfig: Setting CVar [[r.DistanceFieldAO:0]]
[2020.09.25-13.46.19:868][  0]LogConfig: Setting CVar [[r.VolumetricFog:0]]
[2020.09.25-13.46.19:868][  0]LogConfig: Setting CVar [[r.LightMaxDrawDistanceScale:.5]]
[2020.09.25-13.46.19:869][  0]LogConfig: Setting CVar [[r.CapsuleShadows:1]]
[2020.09.25-13.46.19:869][  0]LogConfig: Applying CVar settings from Section [PostProcessQuality@1] File [F:/Ready Games Unity/forGitHub/HomeWork_8/Hw8/Saved/Config/Windows/Scalability.ini]
[2020.09.25-13.46.19:869][  0]LogConfig: Setting CVar [[r.MotionBlurQuality:3]]
[2020.09.25-13.46.19:869][  0]LogConfig: Setting CVar [[r.AmbientOcclusionMipLevelFactor:1.0]]
[2020.09.25-13.46.19:869][  0]LogConfig: Setting CVar [[r.AmbientOcclusionMaxQuality:60]]
[2020.09.25-13.46.19:869][  0]LogConfig: Setting CVar [[r.AmbientOcclusionLevels:-1]]
[2020.09.25-13.46.19:869][  0]LogConfig: Setting CVar [[r.AmbientOcclusionRadiusScale:1.5]]
[2020.09.25-13.46.19:869][  0]LogConfig: Setting CVar [[r.DepthOfFieldQuality:1]]
[2020.09.25-13.46.19:869][  0]LogConfig: Setting CVar [[r.RenderTargetPoolMin:350]]
[2020.09.25-13.46.19:869][  0]LogConfig: Setting CVar [[r.LensFlareQuality:0]]
[2020.09.25-13.46.19:869][  0]LogConfig: Setting CVar [[r.SceneColorFringeQuality:0]]
[2020.09.25-13.46.19:869][  0]LogConfig: Setting CVar [[r.EyeAdaptationQuality:0]]
[2020.09.25-13.46.19:869][  0]LogConfig: Setting CVar [[r.BloomQuality:4]]
[2020.09.25-13.46.19:869][  0]LogConfig: Setting CVar [[r.FastBlurThreshold:2]]
[2020.09.25-13.46.19:869][  0]LogConfig: Setting CVar [[r.Upscale.Quality:2]]
[2020.09.25-13.46.19:869][  0]LogConfig: Setting CVar [[r.Tonemapper.GrainQuantization:0]]
[2020.09.25-13.46.19:869][  0]LogConfig: Setting CVar [[r.LightShaftQuality:0]]
[2020.09.25-13.46.19:869][  0]LogConfig: Setting CVar [[r.Filter.SizeScale:0.7]]
[2020.09.25-13.46.19:869][  0]LogConfig: Setting CVar [[r.Tonemapper.Quality:2]]
[2020.09.25-13.46.19:869][  0]LogConfig: Setting CVar [[r.DOF.Gather.AccumulatorQuality:0        ; lower gathering accumulator quality]]
[2020.09.25-13.46.19:869][  0]LogConfig: Setting CVar [[r.DOF.Gather.PostfilterMethod:2          ; Max3x3 postfilering method]]
[2020.09.25-13.46.19:869][  0]LogConfig: Setting CVar [[r.DOF.Gather.EnableBokehSettings:0       ; no bokeh simulation when gathering]]
[2020.09.25-13.46.19:869][  0]LogConfig: Setting CVar [[r.DOF.Gather.RingCount:3                 ; low number of samples when gathering]]
[2020.09.25-13.46.19:869][  0]LogConfig: Setting CVar [[r.DOF.Scatter.ForegroundCompositing:0    ; no foreground scattering]]
[2020.09.25-13.46.19:869][  0]LogConfig: Setting CVar [[r.DOF.Scatter.BackgroundCompositing:0    ; no foreground scattering]]
[2020.09.25-13.46.19:869][  0]LogConfig: Setting CVar [[r.DOF.Recombine.Quality:0                ; no slight out of focus]]
[2020.09.25-13.46.19:869][  0]LogConfig: Setting CVar [[r.DOF.TemporalAAQuality:0                ; faster temporal accumulation]]
[2020.09.25-13.46.19:869][  0]LogConfig: Setting CVar [[r.DOF.Kernel.MaxForegroundRadius:0.006   ; required because low gathering and no scattering and not looking great at 1080p]]
[2020.09.25-13.46.19:869][  0]LogConfig: Setting CVar [[r.DOF.Kernel.MaxBackgroundRadius:0.006   ; required because low gathering and no scattering and not looking great at 1080p]]
[2020.09.25-13.46.19:869][  0]LogConfig: Applying CVar settings from Section [TextureQuality@1] File [F:/Ready Games Unity/forGitHub/HomeWork_8/Hw8/Saved/Config/Windows/Scalability.ini]
[2020.09.25-13.46.19:869][  0]LogConfig: Setting CVar [[r.Streaming.MipBias:1]]
[2020.09.25-13.46.19:869][  0]LogConfig: Setting CVar [[r.Streaming.AmortizeCPUToGPUCopy:0]]
[2020.09.25-13.46.19:869][  0]LogConfig: Setting CVar [[r.Streaming.MaxNumTexturesToStreamPerFrame:0]]
[2020.09.25-13.46.19:869][  0]LogConfig: Setting CVar [[r.Streaming.Boost:1]]
[2020.09.25-13.46.19:869][  0]LogConfig: Setting CVar [[r.MaxAnisotropy:2]]
[2020.09.25-13.46.19:869][  0]LogConfig: Setting CVar [[r.VT.MaxAnisotropy:4]]
[2020.09.25-13.46.19:869][  0]LogConfig: Setting CVar [[r.Streaming.LimitPoolSizeToVRAM:1]]
[2020.09.25-13.46.19:870][  0]LogConfig: Setting CVar [[r.Streaming.PoolSize:600]]
[2020.09.25-13.46.19:870][  0]LogConfig: Setting CVar [[r.Streaming.MaxEffectiveScreenSize:0]]
[2020.09.25-13.46.19:870][  0]LogConfig: Applying CVar settings from Section [EffectsQuality@1] File [F:/Ready Games Unity/forGitHub/HomeWork_8/Hw8/Saved/Config/Windows/Scalability.ini]
[2020.09.25-13.46.19:870][  0]LogConfig: Setting CVar [[r.TranslucencyLightingVolumeDim:32]]
[2020.09.25-13.46.19:870][  0]LogConfig: Setting CVar [[r.RefractionQuality:0]]
[2020.09.25-13.46.19:870][  0]LogConfig: Setting CVar [[r.SSR.Quality:0]]
[2020.09.25-13.46.19:870][  0]LogConfig: Setting CVar [[r.SSR.HalfResSceneColor:1]]
[2020.09.25-13.46.19:870][  0]LogConfig: Setting CVar [[r.SceneColorFormat:3]]
[2020.09.25-13.46.19:870][  0]LogConfig: Setting CVar [[r.DetailMode:1]]
[2020.09.25-13.46.19:870][  0]LogConfig: Setting CVar [[r.TranslucencyVolumeBlur:0]]
[2020.09.25-13.46.19:870][  0]LogConfig: Setting CVar [[r.MaterialQualityLevel:2 ; Medium quality]]
[2020.09.25-13.46.19:870][  0]LogConfig: Setting CVar [[r.SSS.Scale:0.75]]
[2020.09.25-13.46.19:870][  0]LogConfig: Setting CVar [[r.SSS.SampleSet:0]]
[2020.09.25-13.46.19:870][  0]LogConfig: Setting CVar [[r.SSS.Quality:0]]
[2020.09.25-13.46.19:870][  0]LogConfig: Setting CVar [[r.SSS.HalfRes:1]]
[2020.09.25-13.46.19:870][  0]LogConfig: Setting CVar [[r.SSGI.Quality:1]]
[2020.09.25-13.46.19:870][  0]LogConfig: Setting CVar [[r.EmitterSpawnRateScale:0.25]]
[2020.09.25-13.46.19:870][  0]LogConfig: Setting CVar [[r.ParticleLightQuality:0]]
[2020.09.25-13.46.19:870][  0]LogConfig: Setting CVar [[r.SkyAtmosphere.AerialPerspectiveLUT.FastApplyOnOpaque:1 ; Always have FastSkyLUT 1 in this case to avoid wrong sky]]
[2020.09.25-13.46.19:870][  0]LogConfig: Setting CVar [[r.SkyAtmosphere.AerialPerspectiveLUT.SampleCountPerSlice:1]]
[2020.09.25-13.46.19:870][  0]LogConfig: Setting CVar [[r.SkyAtmosphere.AerialPerspectiveLUT.DepthResolution:16.0]]
[2020.09.25-13.46.19:870][  0]LogConfig: Setting CVar [[r.SkyAtmosphere.FastSkyLUT:1]]
[2020.09.25-13.46.19:870][  0]LogConfig: Setting CVar [[r.SkyAtmosphere.FastSkyLUT.SampleCountMin:4.0]]
[2020.09.25-13.46.19:870][  0]LogConfig: Setting CVar [[r.SkyAtmosphere.FastSkyLUT.SampleCountMax:32.0]]
[2020.09.25-13.46.19:870][  0]LogConfig: Setting CVar [[r.SkyAtmosphere.SampleCountMin:4.0]]
[2020.09.25-13.46.19:870][  0]LogConfig: Setting CVar [[r.SkyAtmosphere.SampleCountMax:32.0]]
[2020.09.25-13.46.19:870][  0]LogConfig: Setting CVar [[r.SkyAtmosphere.TransmittanceLUT.UseSmallFormat:0]]
[2020.09.25-13.46.19:870][  0]LogConfig: Setting CVar [[r.SkyAtmosphere.TransmittanceLUT.SampleCount:10.0]]
[2020.09.25-13.46.19:870][  0]LogConfig: Setting CVar [[r.SkyAtmosphere.MultiScatteringLUT.SampleCount:15.0]]
[2020.09.25-13.46.19:870][  0]LogConfig: Applying CVar settings from Section [FoliageQuality@1] File [F:/Ready Games Unity/forGitHub/HomeWork_8/Hw8/Saved/Config/Windows/Scalability.ini]
[2020.09.25-13.46.19:870][  0]LogConfig: Setting CVar [[foliage.DensityScale:0.4]]
[2020.09.25-13.46.19:870][  0]LogConfig: Setting CVar [[grass.DensityScale:0.4]]
[2020.09.25-13.46.19:870][  0]LogConfig: Applying CVar settings from Section [ShadingQuality@1] File [F:/Ready Games Unity/forGitHub/HomeWork_8/Hw8/Saved/Config/Windows/Scalability.ini]
[2020.09.25-13.46.19:870][  0]LogConfig: Setting CVar [[r.HairStrands.SkyLighting.SampleCount:16]]
[2020.09.25-13.46.19:870][  0]LogConfig: Setting CVar [[r.HairStrands.SkyLighting.JitterIntegration:0]]
[2020.09.25-13.46.19:871][  0]LogConfig: Setting CVar [[r.HairStrands.SkyAO.SampleCount:16]]
[2020.09.25-13.46.19:871][  0]LogConfig: Applying CVar settings from Section [Startup] File [../../../Engine/Config/ConsoleVariables.ini]
[2020.09.25-13.46.19:871][  0]LogConfig: Setting CVar [[net.UseAdaptiveNetUpdateFrequency:0]]
[2020.09.25-13.46.19:871][  0]LogConfig: Setting CVar [[p.chaos.AllowCreatePhysxBodies:1]]
[2020.09.25-13.46.19:871][  0]LogConfig: Applying CVar settings from Section [ConsoleVariables] File [F:/Ready Games Unity/forGitHub/HomeWork_8/Hw8/Saved/Config/Windows/Engine.ini]
[2020.09.25-13.46.19:871][  0]LogInit: Computer: WIN-UD8GML5BFHB
[2020.09.25-13.46.19:871][  0]LogInit: User: Алексей
[2020.09.25-13.46.19:871][  0]LogInit: CPU Page size=4096, Cores=4
[2020.09.25-13.46.19:871][  0]LogInit: High frequency timer resolution =2.943134 MHz
[2020.09.25-13.46.19:872][  0]LogMemory: Memory total: Physical=8.0GB (8GB approx)
[2020.09.25-13.46.19:872][  0]LogMemory: Platform Memory Stats for Windows
[2020.09.25-13.46.19:872][  0]LogMemory: Process Physical Memory: 105.38 MB used, 105.38 MB peak
[2020.09.25-13.46.19:872][  0]LogMemory: Process Virtual Memory: 103.46 MB used, 103.47 MB peak
[2020.09.25-13.46.19:872][  0]LogMemory: Physical Memory: 3383.19 MB used,  4808.36 MB free, 8191.55 MB total
[2020.09.25-13.46.19:872][  0]LogMemory: Virtual Memory: 1011.40 MB used,  8387596.50 MB free, 8388608.00 MB total
[2020.09.25-13.46.19:891][  0]LogWindows: WindowsPlatformFeatures enabled
[2020.09.25-13.46.19:916][  0]LogInit: Using OS detected language (ru-RU).
[2020.09.25-13.46.19:917][  0]LogInit: Using OS detected locale (ru-RU).
[2020.09.25-13.46.19:918][  0]LogTextLocalizationManager: No specific localization for 'ru-RU' exists, so the 'ru' localization will be used.
[2020.09.25-13.46.19:919][  0]LogTextLocalizationResource: LocRes '../../../Engine/Content/Localization/Editor/ru/Editor.locres' could not be opened for reading!
[2020.09.25-13.46.19:919][  0]LogTextLocalizationResource: LocRes '../../../Engine/Content/Localization/EditorTutorials/ru/EditorTutorials.locres' could not be opened for reading!
[2020.09.25-13.46.19:919][  0]LogTextLocalizationResource: LocRes '../../../Engine/Content/Localization/Keywords/ru/Keywords.locres' could not be opened for reading!
[2020.09.25-13.46.19:919][  0]LogTextLocalizationResource: LocRes '../../../Engine/Content/Localization/Category/ru/Category.locres' could not be opened for reading!
[2020.09.25-13.46.19:919][  0]LogTextLocalizationResource: LocRes '../../../Engine/Content/Localization/ToolTips/ru/ToolTips.locres' could not be opened for reading!
[2020.09.25-13.46.19:919][  0]LogTextLocalizationResource: LocRes '../../../Engine/Content/Localization/PropertyNames/ru/PropertyNames.locres' could not be opened for reading!
[2020.09.25-13.46.19:919][  0]LogTextLocalizationResource: LocRes '../../../Engine/Content/Localization/Engine/ru/Engine.locres' could not be opened for reading!
[2020.09.25-13.46.19:921][  0]LogWindows: Failed to load 'shcore.dll' (GetLastError=126)
[2020.09.25-13.46.19:921][  0]LogWindows: File 'shcore.dll' does not exist
[2020.09.25-13.46.19:921][  0]LogInit: Setting process to DPI aware
[2020.09.25-13.46.19:966][  0]LogSlate: New Slate User Created.  User Index 0, Is Virtual User: 0
[2020.09.25-13.46.19:966][  0]LogSlate: Slate User Registered.  User Index 0, Is Virtual User: 0
[2020.09.25-13.46.20:207][  0]LogHMD: Failed to initialize OpenVR with code 110
[2020.09.25-13.46.20:207][  0]LogD3D11RHI: D3D11 min allowed feature level: 11_0
[2020.09.25-13.46.20:207][  0]LogD3D11RHI: D3D11 max allowed feature level: 11_0
[2020.09.25-13.46.20:207][  0]LogD3D11RHI: D3D11 adapters:
[2020.09.25-13.46.20:226][  0]LogD3D11RHI:    0. 'AMD Radeon HD 7900 Series' (Feature Level 11_0)
[2020.09.25-13.46.20:226][  0]LogD3D11RHI:       3049/0/3839 MB DedicatedVideo/DedicatedSystem/SharedSystem, Outputs:2, VendorId:0x1002
[2020.09.25-13.46.20:226][  0]LogD3D11RHI: Chosen D3D11 Adapter: 0
[2020.09.25-13.46.20:236][  0]LogD3D11RHI: Creating new Direct3DDevice
[2020.09.25-13.46.20:236][  0]LogD3D11RHI:     GPU DeviceId: 0x679a (for the marketing name, search the web for "GPU Device Id")
[2020.09.25-13.46.20:236][  0]LogWindows: EnumDisplayDevices:
[2020.09.25-13.46.20:237][  0]LogWindows:    0. 'AMD Radeon HD 7900 Series' (P:1 D:1)
[2020.09.25-13.46.20:237][  0]LogWindows:    1. 'AMD Radeon HD 7900 Series' (P:0 D:1)
[2020.09.25-13.46.20:238][  0]LogWindows:    2. 'AMD Radeon HD 7900 Series' (P:0 D:0)
[2020.09.25-13.46.20:238][  0]LogWindows:    3. 'AMD Radeon HD 7900 Series' (P:0 D:0)
[2020.09.25-13.46.20:239][  0]LogWindows:    4. 'AMD Radeon HD 7900 Series' (P:0 D:0)
[2020.09.25-13.46.20:239][  0]LogWindows:    5. 'AMD Radeon HD 7900 Series' (P:0 D:0)
[2020.09.25-13.46.20:240][  0]LogWindows:    6. 'RDPDD Chained DD' (P:0 D:0)
[2020.09.25-13.46.20:240][  0]LogWindows:    7. 'RDP Encoder Mirror Driver' (P:0 D:0)
[2020.09.25-13.46.20:240][  0]LogWindows:    8. 'RDP Reflector Display Driver' (P:0 D:0)
[2020.09.25-13.46.20:240][  0]LogWindows: DebugString: GetVideoDriverDetailsInvalid PrimaryIsNotTheChoosenAdapter GetVideoDriverDetailsInvalid PrimaryIsNotTheChoosenAdapter GetVideoDriverDetailsInvalid PrimaryIsNotTheChoosenAdapter FoundDriverCount:6 
[2020.09.25-13.46.20:240][  0]LogD3D11RHI:     Adapter Name: AMD Radeon HD 7900 Series
[2020.09.25-13.46.20:240][  0]LogD3D11RHI:   Driver Version: Adrenalin 18.5.2 (internal:24.20.11019.1004, unified:24.20.11019.1004)
[2020.09.25-13.46.20:240][  0]LogD3D11RHI:      Driver Date: 5-29-2018
[2020.09.25-13.46.20:240][  0]LogRHI: Texture pool is 2134 MB (70% of 3049 MB)
[2020.09.25-13.46.20:307][  0]LogD3D11RHI: RHI does not have support for 64 bit atomics
[2020.09.25-13.46.20:307][  0]LogD3D11RHI: Async texture creation enabled
[2020.09.25-13.46.20:319][  0]LogD3D11RHI: GPU Timing Frequency: 27.000000 (Debug: 2 1)
[2020.09.25-13.46.20:707][  0]LogTargetPlatformManager: Display: Loaded TargetPlatform 'AllDesktop'
[2020.09.25-13.46.20:764][  0]LogTargetPlatformManager: Display: Loaded TargetPlatform 'Android'
[2020.09.25-13.46.20:764][  0]LogTargetPlatformManager: Display: Loaded TargetPlatform 'Android_ASTC'
[2020.09.25-13.46.20:764][  0]LogTargetPlatformManager: Display: Loaded TargetPlatform 'Android_ATC'
[2020.09.25-13.46.20:764][  0]LogTargetPlatformManager: Display: Loaded TargetPlatform 'Android_DXT'
[2020.09.25-13.46.20:764][  0]LogTargetPlatformManager: Display: Loaded TargetPlatform 'Android_ETC1'
[2020.09.25-13.46.20:764][  0]LogTargetPlatformManager: Display: Loaded TargetPlatform 'Android_ETC1a'
[2020.09.25-13.46.20:764][  0]LogTargetPlatformManager: Display: Loaded TargetPlatform 'Android_ETC2'
[2020.09.25-13.46.20:764][  0]LogTargetPlatformManager: Display: Loaded TargetPlatform 'Android_PVRTC'
[2020.09.25-13.46.20:764][  0]LogTargetPlatformManager: Display: Loaded TargetPlatform 'AndroidClient'
[2020.09.25-13.46.20:764][  0]LogTargetPlatformManager: Display: Loaded TargetPlatform 'Android_ASTCClient'
[2020.09.25-13.46.20:764][  0]LogTargetPlatformManager: Display: Loaded TargetPlatform 'Android_ATCClient'
[2020.09.25-13.46.20:764][  0]LogTargetPlatformManager: Display: Loaded TargetPlatform 'Android_DXTClient'
[2020.09.25-13.46.20:765][  0]LogTargetPlatformManager: Display: Loaded TargetPlatform 'Android_ETC1Client'
[2020.09.25-13.46.20:765][  0]LogTargetPlatformManager: Display: Loaded TargetPlatform 'Android_ETC1aClient'
[2020.09.25-13.46.20:765][  0]LogTargetPlatformManager: Display: Loaded TargetPlatform 'Android_ETC2Client'
[2020.09.25-13.46.20:765][  0]LogTargetPlatformManager: Display: Loaded TargetPlatform 'Android_PVRTCClient'
[2020.09.25-13.46.20:765][  0]LogTargetPlatformManager: Display: Loaded TargetPlatform 'Android_Multi'
[2020.09.25-13.46.20:765][  0]LogTargetPlatformManager: Display: Loaded TargetPlatform 'Android_MultiClient'
[2020.09.25-13.46.20:794][  0]LogTargetPlatformManager: Display: Loaded TargetPlatform 'IOSClient'
[2020.09.25-13.46.20:794][  0]LogTargetPlatformManager: Display: Loaded TargetPlatform 'IOS'
[2020.09.25-13.46.20:806][  0]LogTargetPlatformManager: Display: Loaded TargetPlatform 'LinuxNoEditor'
[2020.09.25-13.46.20:818][  0]LogTargetPlatformManager: Display: Loaded TargetPlatform 'LinuxClient'
[2020.09.25-13.46.20:830][  0]LogTargetPlatformManager: Display: Loaded TargetPlatform 'LinuxServer'
[2020.09.25-13.46.20:841][  0]LogTargetPlatformManager: Display: Loaded TargetPlatform 'LinuxAArch64NoEditor'
[2020.09.25-13.46.20:854][  0]LogTargetPlatformManager: Display: Loaded TargetPlatform 'LinuxAArch64Client'
[2020.09.25-13.46.20:865][  0]LogTargetPlatformManager: Display: Loaded TargetPlatform 'LinuxAArch64Server'
[2020.09.25-13.46.20:905][  0]LogTargetPlatformManager: Display: Loaded TargetPlatform 'Lumin'
[2020.09.25-13.46.20:905][  0]LogTargetPlatformManager: Display: Loaded TargetPlatform 'LuminClient'
[2020.09.25-13.46.20:927][  0]LogTargetPlatformManager: Display: Loaded TargetPlatform 'TVOSClient'
[2020.09.25-13.46.20:927][  0]LogTargetPlatformManager: Display: Loaded TargetPlatform 'TVOS'
[2020.09.25-13.46.20:939][  0]LogTargetPlatformManager: Display: Loaded TargetPlatform 'WindowsNoEditor'
[2020.09.25-13.46.20:952][  0]LogTargetPlatformManager: Display: Loaded TargetPlatform 'Windows'
[2020.09.25-13.46.20:963][  0]LogTargetPlatformManager: Display: Loaded TargetPlatform 'WindowsClient'
[2020.09.25-13.46.20:975][  0]LogTargetPlatformManager: Display: Loaded TargetPlatform 'WindowsServer'
[2020.09.25-13.46.20:975][  0]LogTargetPlatformManager: Display: Building Assets For Windows
[2020.09.25-13.46.20:979][  0]LogAudioDebug: Display: Lib vorbis DLL was dynamically loaded.
[2020.09.25-13.46.21:006][  0]LogShaderCompilers: Guid format shader working directory is -12 characters bigger than the processId version (../../../../../../Ready Games Unity/forGitHub/HomeWork_8/Hw8/Intermediate/Shaders/WorkingDirectory/5648/).
[2020.09.25-13.46.21:006][  0]LogShaderCompilers: Cleaned the shader compiler working directory 'C:/Users/Алексей/AppData/Local/Temp/UnrealShaderWorkingDir/290D3F584D96EE7E68C9329D05A4F692/'.
[2020.09.25-13.46.21:007][  0]LogXGEController: Cannot use XGE Controller as Incredibuild is not installed on this machine.
[2020.09.25-13.46.21:007][  0]LogShaderCompilers: Cannot use XGE Shader Compiler as Incredibuild is not installed on this machine.
[2020.09.25-13.46.21:007][  0]LogShaderCompilers: Display: Using Local Shader Compiler.
[2020.09.25-13.46.23:068][  0]LogDerivedDataCache: Display: Max Cache Size: 512 MB
[2020.09.25-13.46.23:187][  0]LogDerivedDataCache: Loaded boot cache 0.12s 78MB C:/Users/Алексей/AppData/Local/UnrealEngine/4.24/DerivedDataCache/Boot.ddc.
[2020.09.25-13.46.23:187][  0]LogDerivedDataCache: Display: Loaded Boot cache: C:/Users/Алексей/AppData/Local/UnrealEngine/4.24/DerivedDataCache/Boot.ddc
[2020.09.25-13.46.23:188][  0]LogDerivedDataCache: FDerivedDataBackendGraph:  Pak pak cache file ../../../../../../Ready Games Unity/forGitHub/HomeWork_8/Hw8/DerivedDataCache/DDC.ddp not found, will not use a pak cache.
[2020.09.25-13.46.23:188][  0]LogDerivedDataCache: Unable to find inner node Pak for hierarchical cache Hierarchy.
[2020.09.25-13.46.23:188][  0]LogDerivedDataCache: FDerivedDataBackendGraph:  CompressedPak pak cache file ../../../../../../Ready Games Unity/forGitHub/HomeWork_8/Hw8/DerivedDataCache/Compressed.ddp not found, will not use a pak cache.
[2020.09.25-13.46.23:188][  0]LogDerivedDataCache: Unable to find inner node CompressedPak for hierarchical cache Hierarchy.
[2020.09.25-13.46.23:202][  0]LogDerivedDataCache: Display: Pak cache opened for reading ../../../Engine/DerivedDataCache/Compressed.ddp.
[2020.09.25-13.46.23:202][  0]LogDerivedDataCache: FDerivedDataBackendGraph:  EnterprisePak pak cache file ../../../Enterprise/DerivedDataCache/Compressed.ddp not found, will not use a pak cache.
[2020.09.25-13.46.23:202][  0]LogDerivedDataCache: Unable to find inner node EnterprisePak for hierarchical cache Hierarchy.
[2020.09.25-13.46.23:204][  0]LogDerivedDataCache: Using Local data cache path C:/Users/Алексей/AppData/Local/UnrealEngine/Common/DerivedDataCache: Writable
[2020.09.25-13.46.23:204][  0]LogDerivedDataCache: Shared data cache path not found in *engine.ini, will not use an Shared cache.
[2020.09.25-13.46.23:204][  0]LogDerivedDataCache: Unable to find inner node Shared for hierarchical cache Hierarchy.
[2020.09.25-13.46.23:250][  0]LogMaterial: Verifying Global Shaders for PCD3D_SM5
[2020.09.25-13.46.23:254][  0]LogSlate: Using FreeType 2.10.0
[2020.09.25-13.46.23:255][  0]LogSlate: SlateFontServices - WITH_FREETYPE: 1, WITH_HARFBUZZ: 1
[2020.09.25-13.46.23:335][  0]LogAssetRegistry: FAssetRegistry took 0.0040 seconds to start up
[2020.09.25-13.46.23:852][  0]LogInit: Selected Device Profile: [Windows]
[2020.09.25-13.46.24:148][  0]LogMeshReduction: Using QuadricMeshReduction for automatic static mesh reduction
[2020.09.25-13.46.24:148][  0]LogMeshReduction: Using SimplygonMeshReduction for automatic skeletal mesh reduction
[2020.09.25-13.46.24:148][  0]LogMeshReduction: Using ProxyLODMeshReduction for automatic mesh merging
[2020.09.25-13.46.24:148][  0]LogMeshReduction: No distributed automatic mesh merging module available
[2020.09.25-13.46.24:148][  0]LogMeshMerging: No distributed automatic mesh merging module available
[2020.09.25-13.46.24:183][  0]LogNetVersion: Hw8 1.0.0, NetCL: 10570792, EngineNetVer: 13, GameNetVer: 0 (Checksum: 2732151098)
[2020.09.25-13.46.26:064][  0]LogPackageLocalizationCache: Processed 10 localized package path(s) for 1 prioritized culture(s) in 0.084488 seconds
[2020.09.25-13.46.26:084][  0]LogUObjectArray: 46750 objects as part of root set at end of initial load.
[2020.09.25-13.46.26:084][  0]LogUObjectAllocator: 8137160 out of 0 bytes used by permanent object pool.
[2020.09.25-13.46.26:084][  0]LogUObjectArray: CloseDisregardForGC: 0/0 objects in disregard for GC pool
[2020.09.25-13.46.26:820][  0]LogTcpMessaging: Initializing TcpMessaging bridge
[2020.09.25-13.46.26:826][  0]LogUdpMessaging: Initializing bridge on interface 0.0.0.0:0 to multicast group 230.0.0.1:6666.
[2020.09.25-13.46.26:957][  0]SourceControl: Source control is disabled
[2020.09.25-13.46.26:957][  0]SourceControl: Source control is disabled
[2020.09.25-13.46.26:960][  0]SourceControl: Source control is disabled
[2020.09.25-13.46.26:961][  0]SourceControl: Source control is disabled
[2020.09.25-13.46.26:962][  0]SourceControl: Source control is disabled
[2020.09.25-13.46.27:131][  0]LogAndroidPermission: UAndroidPermissionCallbackProxy::GetInstance
[2020.09.25-13.46.27:151][  0]LogAudioCaptureCore: Display: No Audio Capture implementations found. Audio input will be silent.
[2020.09.25-13.46.27:151][  0]LogAudioCaptureCore: Display: No Audio Capture implementations found. Audio input will be silent.
[2020.09.25-13.46.27:342][  0]LogOcInput: OculusInput pre-init called
[2020.09.25-13.46.27:354][  0]LogWindows: Failed to load 'OVRPlugin.dll' (GetLastError=126)
[2020.09.25-13.46.27:354][  0]LogWindows: File 'OVRPlugin.dll' does not exist
[2020.09.25-13.46.27:498][  0]LogEngine: Initializing Engine...
[2020.09.25-13.46.27:500][  0]LogHMD: Failed to initialize OpenVR with code 110
[2020.09.25-13.46.27:501][  0]LogStats: UGameplayTagsManager::InitializeManager -  0.000 s
[2020.09.25-13.46.28:161][  0]LogInit: Initializing FReadOnlyCVARCache
[2020.09.25-13.46.28:175][  0]LogAIModule: Creating AISystem for world Untitled
[2020.09.25-13.46.28:199][  0]LogAudioMixer: Display: Audio Mixer Platform Settings:
[2020.09.25-13.46.28:199][  0]LogAudioMixer: Display: 	Sample Rate:						  48000
[2020.09.25-13.46.28:199][  0]LogAudioMixer: Display: 	Callback Buffer Frame Size Requested: 1024
[2020.09.25-13.46.28:199][  0]LogAudioMixer: Display: 	Callback Buffer Frame Size To Use:	  1024
[2020.09.25-13.46.28:199][  0]LogAudioMixer: Display: 	Number of buffers to queue:			  2
[2020.09.25-13.46.28:199][  0]LogAudioMixer: Display: 	Max Channels (voices):				  32
[2020.09.25-13.46.28:199][  0]LogAudioMixer: Display: 	Number of Async Source Workers:		  0
[2020.09.25-13.46.28:199][  0]LogAudio: Display: AudioDevice MaxSources: 32
[2020.09.25-13.46.28:200][  0]LogAudio: Display: Using built-in audio occlusion.
[2020.09.25-13.46.28:200][  0]LogAudioMixer: Display: Initializing audio mixer.
[2020.09.25-13.46.28:232][  0]LogAudioMixer: Display: Audio Device Output Speaker Info:
[2020.09.25-13.46.28:232][  0]LogAudioMixer: Display: Name: Динамики (Realtek High Definition Audio)
[2020.09.25-13.46.28:232][  0]LogAudioMixer: Display: Is Default: Yes
[2020.09.25-13.46.28:232][  0]LogAudioMixer: Display: Sample Rate: 48000
[2020.09.25-13.46.28:232][  0]LogAudioMixer: Display: Channel Count Used: 2
[2020.09.25-13.46.28:232][  0]LogAudioMixer: Display: Device Channel Count: 2
[2020.09.25-13.46.28:232][  0]LogAudioMixer: Display: Channel Order:
[2020.09.25-13.46.28:232][  0]LogAudioMixer: Display: 0: FrontLeft
[2020.09.25-13.46.28:232][  0]LogAudioMixer: Display: 1: FrontRight
[2020.09.25-13.46.28:294][  0]LogAudioMixer: Display: Using Audio Device Динамики (Realtek High Definition Audio)
[2020.09.25-13.46.28:303][  0]LogInit: FAudioDevice initialized.
[2020.09.25-13.46.28:304][  0]LogNetVersion: Set ProjectVersion to 1.0.0.0. Version Checksum will be recalculated on next use.
[2020.09.25-13.46.28:581][  0]LogDerivedDataCache: Saved boot cache 0.28s 78MB C:/Users/Алексей/AppData/Local/UnrealEngine/4.24/DerivedDataCache/Boot.ddc.
[2020.09.25-13.46.28:581][  0]LogInit: Texture streaming: Enabled
[2020.09.25-13.46.28:604][  0]LogEngineSessionManager: EngineSessionManager initialized
[2020.09.25-13.46.28:604][  0]LogEditorSessionSummary: Verbose: Initializing EditorSessionSummaryWriter for editor session tracking
[2020.09.25-13.46.28:611][  0]LogEditorSessionSummary: EditorSessionSummaryWriter initialized
[2020.09.25-13.46.28:701][  0]LogInit: Transaction tracking system initialized
[2020.09.25-13.46.28:719][  0]BlueprintLog: New page: Editor Load
[2020.09.25-13.46.28:770][  0]LocalizationService: Localization service is disabled
[2020.09.25-13.46.29:231][  0]LogLinker: Warning: Failed to load '/Game/2DSideScrollerBP/2DSideScrollerOverview': Can't find file.
[2020.09.25-13.46.29:232][  0]LogLinker: Warning: Failed to load '/Game/2DSideScrollerBP/2DSideScrollerOverview': Can't find file.
[2020.09.25-13.46.29:232][  0]LogUObjectGlobals: Warning: Failed to find object 'Class /Game/2DSideScrollerBP/2DSideScrollerOverview.2DSideScrollerOverview_C'
[2020.09.25-13.46.31:222][  0]LogFileCache: Scanning file cache for directory 'F:/Ready Games Unity/forGitHub/HomeWork_8/Hw8/Content/' took 0.00s
[2020.09.25-13.46.31:222][  0]LogCook: Display: Max memory allowance for cook 16384mb min free memory 0mb
[2020.09.25-13.46.31:222][  0]LogCook: Display: Mobile HDR setting 1
[2020.09.25-13.46.32:280][  0]SourceControl: Source control is disabled
[2020.09.25-13.46.32:280][  0]Cmd: MAP LOAD FILE="../../../Engine/Content/Maps/Templates/Template_Default.umap" TEMPLATE=1 SHOWPROGRESS=1 FEATURELEVEL=3
[2020.09.25-13.46.32:280][  0]LightingResults: New page: Lighting Build
[2020.09.25-13.46.32:281][  0]LogWorld: UWorld::CleanupWorld for Untitled, bSessionEnded=true, bCleanupResources=true
[2020.09.25-13.46.32:282][  0]LogSlate: InvalidateAllWidgets triggered.  All widgets were invalidated
[2020.09.25-13.46.32:282][  0]MapCheck: New page: Map Check
[2020.09.25-13.46.32:282][  0]LightingResults: New page: Lighting Build
[2020.09.25-13.46.32:334][  0]LogUObjectHash: Compacting FUObjectHashTables data took   3.93ms
[2020.09.25-13.46.32:494][  0]LogAIModule: Creating AISystem for world Untitled_1
[2020.09.25-13.46.32:502][  0]LogEditorServer: Finished looking for orphan Actors (0.000 secs)
[2020.09.25-13.46.32:555][  0]LogUObjectHash: Compacting FUObjectHashTables data took   4.66ms
[2020.09.25-13.46.32:555][  0]Cmd: MAP CHECKDEP NOCLEARLOG
[2020.09.25-13.46.32:555][  0]MapCheck: Map check complete: 0 Error(s), 0 Warning(s), took 0,141ms to complete.
[2020.09.25-13.46.32:556][  0]LogFileHelpers: Loading map 'Template_Default' took 0.276
[2020.09.25-13.46.34:935][  0]LogSlate: Updating window title bar state: overlay mode, drag disabled, window buttons hidden, title bar hidden
[2020.09.25-13.46.35:061][  0]LogSlate: Updating window title bar state: overlay mode, drag disabled, window buttons hidden, title bar hidden
[2020.09.25-13.46.35:074][  0]LogSlate: Updating window title bar state: overlay mode, drag disabled, window buttons hidden, title bar hidden
[2020.09.25-13.46.35:087][  0]LogSlate: Updating window title bar state: overlay mode, drag disabled, window buttons hidden, title bar hidden
[2020.09.25-13.46.35:301][  0]LogCollectionManager: Loaded 0 collections in 0.003610 seconds
[2020.09.25-13.46.35:746][  0]LogFileCache: Scanning file cache for directory 'F:/Ready Games Unity/forGitHub/HomeWork_8/Hw8/Saved/Collections/' took 0.00s
[2020.09.25-13.46.35:746][  0]LogFileCache: Scanning file cache for directory 'F:/Ready Games Unity/forGitHub/HomeWork_8/Hw8/Content/Developers/Алексей/Collections/' took 0.00s
[2020.09.25-13.46.35:746][  0]LogFileCache: Scanning file cache for directory 'F:/Ready Games Unity/forGitHub/HomeWork_8/Hw8/Content/Collections/' took 0.00s
[2020.09.25-13.46.35:746][  0]LogContentBrowser: Native class hierarchy populated in 0.0152 seconds. Added 3017 classes and 720 folders.
[2020.09.25-13.46.35:788][  0]LogContentBrowser: Native class hierarchy updated for 'WidgetCarousel' in 0.0004 seconds. Added 0 classes and 0 folders.
[2020.09.25-13.46.38:598][  0]LogContentBrowser: Native class hierarchy updated for 'AddContentDialog' in 0.0004 seconds. Added 0 classes and 0 folders.
[2020.09.25-13.46.41:640][  0]LogSlate: Took 0.000267 seconds to synchronously load lazily loaded font '../../../Engine/Content/Slate/Fonts/Roboto-Regular.ttf' (155K)
[2020.09.25-13.46.41:646][  0]LogSlate: Took 0.000271 seconds to synchronously load lazily loaded font '../../../Engine/Content/Slate/Fonts/Roboto-Bold.ttf' (160K)
[2020.09.25-13.46.41:709][  0]LogSlate: Took 0.034486 seconds to synchronously load lazily loaded font '../../../Engine/Content/Editor/Slate/Fonts/FontAwesome.ttf' (139K)
[2020.09.25-13.46.42:460][  0]LogRenderer: Reallocating scene render targets to support 1144x560 Format 9 NumSamples 1 (Frame:1).
[2020.09.25-13.46.43:032][  0]LogContentBrowser: Native class hierarchy updated for 'HierarchicalLODOutliner' in 0.0004 seconds. Added 0 classes and 0 folders.
[2020.09.25-13.46.43:033][  0]LogLoad: (Engine Initialization) Total time: 28.68 seconds
[2020.09.25-13.46.43:033][  0]LogLoad: (Engine Initialization) Total Blueprint compile time: 0.00 seconds
[2020.09.25-13.46.43:109][  0]LogContentStreaming: Texture pool size now 600 MB
[2020.09.25-13.46.43:700][  4]LogAssetRegistry: Asset discovery search completed in 20.3664 seconds
[2020.09.25-13.46.43:706][  4]LogCollectionManager: Fixed up redirectors for 0 collections in 0.000009 seconds (updated 0 objects)
[2020.09.25-13.46.44:121][ 28]LogSlate: Took 0.025371 seconds to synchronously load lazily loaded font '../../../Engine/Content/Slate/Fonts/Roboto-Light.ttf' (167K)
[2020.09.25-13.46.47:268][133]LogSlate: Took 0.000285 seconds to synchronously load lazily loaded font '../../../Engine/Content/Slate/Fonts/Roboto-Light.ttf' (167K)
[2020.09.25-13.47.11:266][880]LogAssetEditorSubsystem: Opening Asset editor for Blueprint /Game/BP_Blocks.BP_Blocks
[2020.09.25-13.47.11:869][880]LogContentBrowser: Native class hierarchy updated for 'BlueprintGraph' in 0.0009 seconds. Added 121 classes and 0 folders.
[2020.09.25-13.47.14:045][880]LogAssetEditorSubsystem: Opening Asset editor for Blueprint /Game/BP_Ball.BP_Ball
[2020.09.25-13.47.14:660][880]LogAssetEditorSubsystem: Opening Asset editor for Blueprint /Game/BP_Pawn.BP_Pawn
[2020.09.25-13.47.15:399][880]LogSlate: Took 0.000479 seconds to synchronously load lazily loaded font '../../../Engine/Content/Slate/Fonts/Roboto-BoldCondensed.ttf' (158K)
[2020.09.25-13.47.15:847][881]LogSlate: Took 0.019635 seconds to synchronously load lazily loaded font '../../../Engine/Content/Slate/Fonts/Roboto-Italic.ttf' (157K)
[2020.09.25-13.47.34:880][899]BlueprintLog: New page: Compile BP_Blocks
[2020.09.25-13.47.35:399][899]LogUObjectHash: Compacting FUObjectHashTables data took   7.44ms
[2020.09.25-13.47.36:022][912]Cmd: OBJ SAVEPACKAGE PACKAGE="/Game/BP_Blocks" FILE="../../../../../../Ready Games Unity/forGitHub/HomeWork_8/Hw8/Content/BP_Blocks.uasset" SILENT=true
[2020.09.25-13.47.36:157][912]LogSavePackage: Moving '../../../../../../Ready Games Unity/forGitHub/HomeWork_8/Hw8/Saved/BP_BlocksEF84BC97483F3DAA124EF6A915A8B600.tmp' to '../../../../../../Ready Games Unity/forGitHub/HomeWork_8/Hw8/Content/BP_Blocks.uasset'
[2020.09.25-13.47.36:184][912]AssetCheck: New page: Asset Save: BP_Blocks
[2020.09.25-13.47.36:185][912]LogContentValidation: Display: Validating Blueprint /Game/BP_Blocks.BP_Blocks
[2020.09.25-13.47.38:559][  8]LogAIModule: Creating AISystem for world Untitled
[2020.09.25-13.47.39:047][  8]LogAssetEditorSubsystem: Opening Asset editor for World /Game/Untitled.Untitled
[2020.09.25-13.47.39:125][  8]LogUObjectHash: Compacting FUObjectHashTables data took   7.51ms
[2020.09.25-13.47.39:139][  8]Cmd: MAP LOAD FILE="../../../../../../Ready Games Unity/forGitHub/HomeWork_8/Hw8/Content/Untitled.umap" TEMPLATE=0 SHOWPROGRESS=1 FEATURELEVEL=3
[2020.09.25-13.47.39:139][  8]LightingResults: New page: Lighting Build
[2020.09.25-13.47.39:140][  8]LoadErrors: New page: Loading map: Untitled.umap
[2020.09.25-13.47.39:141][  8]LogWorld: UWorld::CleanupWorld for Untitled_1, bSessionEnded=true, bCleanupResources=true
[2020.09.25-13.47.39:141][  8]LogSlate: InvalidateAllWidgets triggered.  All widgets were invalidated
[2020.09.25-13.47.39:141][  8]MapCheck: New page: Map Check
[2020.09.25-13.47.39:141][  8]LightingResults: New page: Lighting Build
[2020.09.25-13.47.39:218][  8]LogUObjectHash: Compacting FUObjectHashTables data took   5.88ms
[2020.09.25-13.47.39:976][  8]LogEditorServer: Finished looking for orphan Actors (0.000 secs)
[2020.09.25-13.47.40:058][  8]LogUObjectHash: Compacting FUObjectHashTables data took   5.85ms
[2020.09.25-13.47.40:100][  8]Cmd: MAP CHECKDEP NOCLEARLOG
[2020.09.25-13.47.40:100][  8]MapCheck: Map check complete: 0 Error(s), 0 Warning(s), took 0,124ms to complete.
[2020.09.25-13.47.40:100][  8]LogFileHelpers: Loading map 'Untitled' took 0.962
[2020.09.25-13.47.42:100][ 51]LogTemp: Repeating last play command: Selected Viewport
[2020.09.25-13.47.42:167][ 51]LogPlayLevel: PlayLevel: No blueprints needed recompiling
[2020.09.25-13.47.42:203][ 51]PIE: New page: PIE session: Untitled (25 сент. 2020 г., 19:47:42)
[2020.09.25-13.47.42:232][ 51]LogOnline: OSS: Creating online subsystem instance for: NULL
[2020.09.25-13.47.42:233][ 51]LogOnline: OSS: TryLoadSubsystemAndSetDefault: Loaded subsystem for module [NULL]
[2020.09.25-13.47.42:258][ 51]LogPlayLevel: Creating play world package: /Game/UEDPIE_0_Untitled
[2020.09.25-13.47.42:284][ 51]LogPlayLevel: PIE: StaticDuplicateObject took: (0.025787s)
[2020.09.25-13.47.42:286][ 51]LogAIModule: Creating AISystem for world Untitled
[2020.09.25-13.47.42:286][ 51]LogPlayLevel: PIE: World Init took: (0.002280s)
[2020.09.25-13.47.42:286][ 51]LogPlayLevel: PIE: Created PIE world by copying editor world from /Game/Untitled.Untitled to /Game/UEDPIE_0_Untitled.Untitled (0.028560s)
[2020.09.25-13.47.42:363][ 51]LogUObjectHash: Compacting FUObjectHashTables data took   5.95ms
[2020.09.25-13.47.42:365][ 51]LogAudioMixer: Display: Audio Mixer Platform Settings:
[2020.09.25-13.47.42:365][ 51]LogAudioMixer: Display: 	Sample Rate:						  48000
[2020.09.25-13.47.42:365][ 51]LogAudioMixer: Display: 	Callback Buffer Frame Size Requested: 1024
[2020.09.25-13.47.42:365][ 51]LogAudioMixer: Display: 	Callback Buffer Frame Size To Use:	  1024
[2020.09.25-13.47.42:365][ 51]LogAudioMixer: Display: 	Number of buffers to queue:			  2
[2020.09.25-13.47.42:365][ 51]LogAudioMixer: Display: 	Max Channels (voices):				  32
[2020.09.25-13.47.42:365][ 51]LogAudioMixer: Display: 	Number of Async Source Workers:		  0
[2020.09.25-13.47.42:365][ 51]LogAudio: Display: AudioDevice MaxSources: 32
[2020.09.25-13.47.42:366][ 51]LogAudio: Display: Using built-in audio occlusion.
[2020.09.25-13.47.42:366][ 51]LogAudioMixer: Display: Initializing audio mixer.
[2020.09.25-13.47.42:383][ 51]LogAudioMixer: Display: Audio Device Output Speaker Info:
[2020.09.25-13.47.42:383][ 51]LogAudioMixer: Display: Name: Динамики (Realtek High Definition Audio)
[2020.09.25-13.47.42:383][ 51]LogAudioMixer: Display: Is Default: Yes
[2020.09.25-13.47.42:383][ 51]LogAudioMixer: Display: Sample Rate: 48000
[2020.09.25-13.47.42:383][ 51]LogAudioMixer: Display: Channel Count Used: 2
[2020.09.25-13.47.42:383][ 51]LogAudioMixer: Display: Device Channel Count: 2
[2020.09.25-13.47.42:383][ 51]LogAudioMixer: Display: Channel Order:
[2020.09.25-13.47.42:383][ 51]LogAudioMixer: Display: 0: FrontLeft
[2020.09.25-13.47.42:383][ 51]LogAudioMixer: Display: 1: FrontRight
[2020.09.25-13.47.42:401][ 51]LogAudioMixer: Display: Using Audio Device Динамики (Realtek High Definition Audio)
[2020.09.25-13.47.42:405][ 51]LogInit: FAudioDevice initialized.
[2020.09.25-13.47.42:421][ 51]LogLoad: Game class is 'GameModeBase'
[2020.09.25-13.47.42:448][ 51]LogWorld: Bringing World /Game/UEDPIE_0_Untitled.Untitled up for play (max tick rate 0) at 2020.09.25-16.47.42
[2020.09.25-13.47.42:448][ 51]LogWorld: Bringing up level for play took: 0.017813
[2020.09.25-13.47.42:449][ 51]LogOnline: OSS: Creating online subsystem instance for: :Context_7
[2020.09.25-13.47.42:519][ 51]LogContentBrowser: Native class hierarchy updated for 'MovieSceneCapture' in 0.0006 seconds. Added 20 classes and 0 folders.
[2020.09.25-13.47.42:532][ 51]PIE: Play in editor start time for /Game/UEDPIE_0_Untitled 0,483
[2020.09.25-13.47.57:776][205]LogAudioMixer: Display: No commands were queued while flushing the source manager.
[2020.09.25-13.47.57:777][205]LogAudioMixer: Display: No commands were queued while flushing the source manager.
[2020.09.25-13.47.57:777][205]LogSlate: Updating window title bar state: overlay mode, drag disabled, window buttons hidden, title bar hidden
[2020.09.25-13.47.57:777][205]LogWorld: BeginTearingDown for /Game/UEDPIE_0_Untitled
[2020.09.25-13.47.57:777][205]LogAudioMixer: Display: No commands were queued while flushing the source manager.
[2020.09.25-13.47.57:778][205]LogWorld: UWorld::CleanupWorld for Untitled, bSessionEnded=true, bCleanupResources=true
[2020.09.25-13.47.57:780][205]LogSlate: InvalidateAllWidgets triggered.  All widgets were invalidated
[2020.09.25-13.47.57:802][205]LogPlayLevel: Display: Shutting down PIE online subsystems
[2020.09.25-13.47.57:817][205]LogSlate: InvalidateAllWidgets triggered.  All widgets were invalidated
[2020.09.25-13.47.57:895][205]LogAudioMixer: Display: No commands were queued while flushing the source manager.
[2020.09.25-13.47.57:916][205]LogSlate: Updating window title bar state: overlay mode, drag disabled, window buttons hidden, title bar hidden
[2020.09.25-13.47.57:979][205]LogUObjectHash: Compacting FUObjectHashTables data took   9.14ms
[2020.09.25-13.47.58:023][206]LogPlayLevel: Display: Destroying online subsystem :Context_7
[2020.09.25-13.48.30:875][903]BlueprintLog: New page: Compile BP_Blocks
[2020.09.25-13.48.31:883][903]LogUObjectHash: Compacting FUObjectHashTables data took   9.11ms
[2020.09.25-13.48.33:885][915]Cmd: OBJ SAVEPACKAGE PACKAGE="/Game/BP_Blocks" FILE="../../../../../../Ready Games Unity/forGitHub/HomeWork_8/Hw8/Content/BP_Blocks.uasset" SILENT=true
[2020.09.25-13.48.33:915][915]LogSavePackage: Moving '../../../../../../Ready Games Unity/forGitHub/HomeWork_8/Hw8/Saved/BP_Blocks6E13E42740AE4DD4A7ACF08254E4B9F2.tmp' to '../../../../../../Ready Games Unity/forGitHub/HomeWork_8/Hw8/Content/BP_Blocks.uasset'
[2020.09.25-13.48.33:940][915]AssetCheck: New page: Asset Save: BP_Blocks
[2020.09.25-13.48.33:940][915]LogContentValidation: Display: Validating Blueprint /Game/BP_Blocks.BP_Blocks
[2020.09.25-13.48.38:041][997]LogTemp: Repeating last play command: Selected Viewport
[2020.09.25-13.48.38:072][997]LogPlayLevel: PlayLevel: No blueprints needed recompiling
[2020.09.25-13.48.38:072][997]PIE: New page: PIE session: Untitled (25 сент. 2020 г., 19:48:38)
[2020.09.25-13.48.38:072][997]LogPlayLevel: Creating play world package: /Game/UEDPIE_0_Untitled
[2020.09.25-13.48.38:101][997]LogPlayLevel: PIE: StaticDuplicateObject took: (0.028500s)
[2020.09.25-13.48.38:104][997]LogAIModule: Creating AISystem for world Untitled
[2020.09.25-13.48.38:104][997]LogPlayLevel: PIE: World Init took: (0.002406s)
[2020.09.25-13.48.38:104][997]LogPlayLevel: PIE: Created PIE world by copying editor world from /Game/Untitled.Untitled to /Game/UEDPIE_0_Untitled.Untitled (0.031952s)
[2020.09.25-13.48.38:194][997]LogUObjectHash: Compacting FUObjectHashTables data took   9.00ms
[2020.09.25-13.48.38:196][997]LogAudioMixer: Display: Audio Mixer Platform Settings:
[2020.09.25-13.48.38:196][997]LogAudioMixer: Display: 	Sample Rate:						  48000
[2020.09.25-13.48.38:196][997]LogAudioMixer: Display: 	Callback Buffer Frame Size Requested: 1024
[2020.09.25-13.48.38:196][997]LogAudioMixer: Display: 	Callback Buffer Frame Size To Use:	  1024
[2020.09.25-13.48.38:197][997]LogAudioMixer: Display: 	Number of buffers to queue:			  2
[2020.09.25-13.48.38:197][997]LogAudioMixer: Display: 	Max Channels (voices):				  32
[2020.09.25-13.48.38:197][997]LogAudioMixer: Display: 	Number of Async Source Workers:		  0
[2020.09.25-13.48.38:197][997]LogAudio: Display: AudioDevice MaxSources: 32
[2020.09.25-13.48.38:198][997]LogAudio: Display: Using built-in audio occlusion.
[2020.09.25-13.48.38:198][997]LogAudioMixer: Display: Initializing audio mixer.
[2020.09.25-13.48.38:215][997]LogAudioMixer: Display: Audio Device Output Speaker Info:
[2020.09.25-13.48.38:215][997]LogAudioMixer: Display: Name: Динамики (Realtek High Definition Audio)
[2020.09.25-13.48.38:215][997]LogAudioMixer: Display: Is Default: Yes
[2020.09.25-13.48.38:215][997]LogAudioMixer: Display: Sample Rate: 48000
[2020.09.25-13.48.38:215][997]LogAudioMixer: Display: Channel Count Used: 2
[2020.09.25-13.48.38:215][997]LogAudioMixer: Display: Device Channel Count: 2
[2020.09.25-13.48.38:215][997]LogAudioMixer: Display: Channel Order:
[2020.09.25-13.48.38:215][997]LogAudioMixer: Display: 0: FrontLeft
[2020.09.25-13.48.38:215][997]LogAudioMixer: Display: 1: FrontRight
[2020.09.25-13.48.38:234][997]LogAudioMixer: Display: Using Audio Device Динамики (Realtek High Definition Audio)
[2020.09.25-13.48.38:237][997]LogInit: FAudioDevice initialized.
[2020.09.25-13.48.38:255][997]LogLoad: Game class is 'GameModeBase'
[2020.09.25-13.48.38:272][997]LogWorld: Bringing World /Game/UEDPIE_0_Untitled.Untitled up for play (max tick rate 0) at 2020.09.25-16.48.38
[2020.09.25-13.48.38:272][997]LogWorld: Bringing up level for play took: 0.016885
[2020.09.25-13.48.38:273][997]LogOnline: OSS: Creating online subsystem instance for: :Context_8
[2020.09.25-13.48.38:277][997]PIE: Play in editor start time for /Game/UEDPIE_0_Untitled 0,226
[2020.09.25-13.49.08:262][456]LogAudioMixer: Display: No commands were queued while flushing the source manager.
[2020.09.25-13.49.08:262][456]LogAudioMixer: Display: No commands were queued while flushing the source manager.
[2020.09.25-13.49.08:263][456]LogSlate: Updating window title bar state: overlay mode, drag disabled, window buttons hidden, title bar hidden
[2020.09.25-13.49.08:263][456]LogWorld: BeginTearingDown for /Game/UEDPIE_0_Untitled
[2020.09.25-13.49.08:263][456]LogAudioMixer: Display: No commands were queued while flushing the source manager.
[2020.09.25-13.49.08:263][456]LogWorld: UWorld::CleanupWorld for Untitled, bSessionEnded=true, bCleanupResources=true
[2020.09.25-13.49.08:266][456]LogSlate: InvalidateAllWidgets triggered.  All widgets were invalidated
[2020.09.25-13.49.08:289][456]LogPlayLevel: Display: Shutting down PIE online subsystems
[2020.09.25-13.49.08:303][456]LogSlate: InvalidateAllWidgets triggered.  All widgets were invalidated
[2020.09.25-13.49.08:381][456]LogAudioMixer: Display: No commands were queued while flushing the source manager.
[2020.09.25-13.49.08:385][456]LogSlate: Updating window title bar state: overlay mode, drag disabled, window buttons hidden, title bar hidden
[2020.09.25-13.49.08:394][456]LogUObjectHash: Compacting FUObjectHashTables data took   7.22ms
[2020.09.25-13.49.08:439][457]LogPlayLevel: Display: Destroying online subsystem :Context_8
[2020.09.25-13.49.11:016][510]LogUObjectHash: Compacting FUObjectHashTables data took   2.04ms
[2020.09.25-13.49.11:036][510]Cmd: OBJ SAVEPACKAGE PACKAGE="/Game/Untitled" FILE="../../../../../../Ready Games Unity/forGitHub/HomeWork_8/Hw8/Content/Untitled.umap" SILENT=true AUTOSAVING=false KEEPDIRTY=false
[2020.09.25-13.49.11:132][510]LogUObjectHash: Compacting FUObjectHashTables data took   2.05ms
[2020.09.25-13.49.11:225][510]LogSavePackage: Moving '../../../../../../Ready Games Unity/forGitHub/HomeWork_8/Hw8/Saved/UntitledDF18AD9540906743A298B48FCE4CD209.tmp' to '../../../../../../Ready Games Unity/forGitHub/HomeWork_8/Hw8/Content/Untitled.umap'
[2020.09.25-13.49.11:261][510]LogFileHelpers: Saving map 'Untitled' took 0.225
[2020.09.25-13.49.11:285][510]AssetCheck: New page: Asset Save: Untitled
[2020.09.25-13.49.11:285][510]LogContentValidation: Display: Validating World /Game/Untitled.Untitled
[2020.09.25-13.49.18:353][624]BlueprintLog: New page: Compile BP_Blocks
[2020.09.25-13.49.19:339][624]LogUObjectHash: Compacting FUObjectHashTables data took   8.14ms
[2020.09.25-13.49.21:064][632]Cmd: OBJ SAVEPACKAGE PACKAGE="/Game/BP_Blocks" FILE="../../../../../../Ready Games Unity/forGitHub/HomeWork_8/Hw8/Content/BP_Blocks.uasset" SILENT=true
[2020.09.25-13.49.21:092][632]LogSavePackage: Moving '../../../../../../Ready Games Unity/forGitHub/HomeWork_8/Hw8/Saved/BP_Blocks90BEADA2422418577F4CE1BA632D5314.tmp' to '../../../../../../Ready Games Unity/forGitHub/HomeWork_8/Hw8/Content/BP_Blocks.uasset'
[2020.09.25-13.49.21:116][632]AssetCheck: New page: Asset Save: BP_Blocks
[2020.09.25-13.49.21:116][632]LogContentValidation: Display: Validating Blueprint /Game/BP_Blocks.BP_Blocks
[2020.09.25-13.49.24:045][695]LogTemp: Repeating last play command: Selected Viewport
[2020.09.25-13.49.24:076][695]LogPlayLevel: PlayLevel: No blueprints needed recompiling
[2020.09.25-13.49.24:076][695]PIE: New page: PIE session: Untitled (25 сент. 2020 г., 19:49:24)
[2020.09.25-13.49.24:076][695]LogPlayLevel: Creating play world package: /Game/UEDPIE_0_Untitled
[2020.09.25-13.49.24:104][695]LogPlayLevel: PIE: StaticDuplicateObject took: (0.027170s)
[2020.09.25-13.49.24:107][695]LogAIModule: Creating AISystem for world Untitled
[2020.09.25-13.49.24:107][695]LogPlayLevel: PIE: World Init took: (0.002495s)
[2020.09.25-13.49.24:107][695]LogPlayLevel: PIE: Created PIE world by copying editor world from /Game/Untitled.Untitled to /Game/UEDPIE_0_Untitled.Untitled (0.030634s)
[2020.09.25-13.49.24:197][695]LogUObjectHash: Compacting FUObjectHashTables data took   8.99ms
[2020.09.25-13.49.24:199][695]LogAudioMixer: Display: Audio Mixer Platform Settings:
[2020.09.25-13.49.24:199][695]LogAudioMixer: Display: 	Sample Rate:						  48000
[2020.09.25-13.49.24:199][695]LogAudioMixer: Display: 	Callback Buffer Frame Size Requested: 1024
[2020.09.25-13.49.24:199][695]LogAudioMixer: Display: 	Callback Buffer Frame Size To Use:	  1024
[2020.09.25-13.49.24:199][695]LogAudioMixer: Display: 	Number of buffers to queue:			  2
[2020.09.25-13.49.24:199][695]LogAudioMixer: Display: 	Max Channels (voices):				  32
[2020.09.25-13.49.24:199][695]LogAudioMixer: Display: 	Number of Async Source Workers:		  0
[2020.09.25-13.49.24:199][695]LogAudio: Display: AudioDevice MaxSources: 32
[2020.09.25-13.49.24:200][695]LogAudio: Display: Using built-in audio occlusion.
[2020.09.25-13.49.24:200][695]LogAudioMixer: Display: Initializing audio mixer.
[2020.09.25-13.49.24:217][695]LogAudioMixer: Display: Audio Device Output Speaker Info:
[2020.09.25-13.49.24:217][695]LogAudioMixer: Display: Name: Динамики (Realtek High Definition Audio)
[2020.09.25-13.49.24:217][695]LogAudioMixer: Display: Is Default: Yes
[2020.09.25-13.49.24:217][695]LogAudioMixer: Display: Sample Rate: 48000
[2020.09.25-13.49.24:217][695]LogAudioMixer: Display: Channel Count Used: 2
[2020.09.25-13.49.24:217][695]LogAudioMixer: Display: Device Channel Count: 2
[2020.09.25-13.49.24:217][695]LogAudioMixer: Display: Channel Order:
[2020.09.25-13.49.24:217][695]LogAudioMixer: Display: 0: FrontLeft
[2020.09.25-13.49.24:217][695]LogAudioMixer: Display: 1: FrontRight
[2020.09.25-13.49.24:235][695]LogAudioMixer: Display: Using Audio Device Динамики (Realtek High Definition Audio)
[2020.09.25-13.49.24:238][695]LogInit: FAudioDevice initialized.
[2020.09.25-13.49.24:245][695]LogLoad: Game class is 'GameModeBase'
[2020.09.25-13.49.24:262][695]LogWorld: Bringing World /Game/UEDPIE_0_Untitled.Untitled up for play (max tick rate 0) at 2020.09.25-16.49.24
[2020.09.25-13.49.24:263][695]LogWorld: Bringing up level for play took: 0.016769
[2020.09.25-13.49.24:263][695]LogOnline: OSS: Creating online subsystem instance for: :Context_9
[2020.09.25-13.49.24:267][695]PIE: Play in editor start time for /Game/UEDPIE_0_Untitled 0,216
[2020.09.25-13.50.03:837][984]LogAudioMixer: Display: No commands were queued while flushing the source manager.
[2020.09.25-13.50.03:837][984]LogAudioMixer: Display: No commands were queued while flushing the source manager.
[2020.09.25-13.50.03:837][984]LogSlate: Updating window title bar state: overlay mode, drag disabled, window buttons hidden, title bar hidden
[2020.09.25-13.50.03:837][984]LogWorld: BeginTearingDown for /Game/UEDPIE_0_Untitled
[2020.09.25-13.50.03:838][984]LogAudioMixer: Display: No commands were queued while flushing the source manager.
[2020.09.25-13.50.03:838][984]LogWorld: UWorld::CleanupWorld for Untitled, bSessionEnded=true, bCleanupResources=true
[2020.09.25-13.50.03:840][984]LogSlate: InvalidateAllWidgets triggered.  All widgets were invalidated
[2020.09.25-13.50.03:861][984]LogPlayLevel: Display: Shutting down PIE online subsystems
[2020.09.25-13.50.03:875][984]LogSlate: InvalidateAllWidgets triggered.  All widgets were invalidated
[2020.09.25-13.50.03:953][984]LogAudioMixer: Display: No commands were queued while flushing the source manager.
[2020.09.25-13.50.03:957][984]LogSlate: Updating window title bar state: overlay mode, drag disabled, window buttons hidden, title bar hidden
[2020.09.25-13.50.03:966][984]LogUObjectHash: Compacting FUObjectHashTables data took   7.19ms
[2020.09.25-13.50.04:013][985]LogPlayLevel: Display: Destroying online subsystem :Context_9
[2020.09.25-13.50.06:361][ 30]LogUObjectHash: Compacting FUObjectHashTables data took   5.95ms
[2020.09.25-13.50.06:381][ 30]Cmd: OBJ SAVEPACKAGE PACKAGE="/Game/Untitled" FILE="../../../../../../Ready Games Unity/forGitHub/HomeWork_8/Hw8/Content/Untitled.umap" SILENT=true AUTOSAVING=false KEEPDIRTY=false
[2020.09.25-13.50.06:459][ 30]LogUObjectHash: Compacting FUObjectHashTables data took   2.10ms
[2020.09.25-13.50.06:549][ 30]LogSavePackage: Moving '../../../../../../Ready Games Unity/forGitHub/HomeWork_8/Hw8/Saved/Untitled6682358E47287C85D2D651B27252BA9B.tmp' to '../../../../../../Ready Games Unity/forGitHub/HomeWork_8/Hw8/Content/Untitled.umap'
[2020.09.25-13.50.06:586][ 30]LogFileHelpers: Saving map 'Untitled' took 0.205
[2020.09.25-13.50.06:608][ 30]AssetCheck: New page: Asset Save: Untitled
[2020.09.25-13.50.06:608][ 30]LogContentValidation: Display: Validating World /Game/Untitled.Untitled
[2020.09.25-13.50.17:729][239]BlueprintLog: New page: Compile BP_Blocks
[2020.09.25-13.50.18:706][239]LogUObjectHash: Compacting FUObjectHashTables data took   8.16ms
[2020.09.25-13.50.46:650][787]BlueprintLog: New page: Compile BP_Blocks
[2020.09.25-13.50.47:684][787]LogUObjectHash: Compacting FUObjectHashTables data took   9.15ms
[2020.09.25-13.50.49:439][795]Cmd: OBJ SAVEPACKAGE PACKAGE="/Game/BP_Blocks" FILE="../../../../../../Ready Games Unity/forGitHub/HomeWork_8/Hw8/Content/BP_Blocks.uasset" SILENT=true
[2020.09.25-13.50.49:469][795]LogSavePackage: Moving '../../../../../../Ready Games Unity/forGitHub/HomeWork_8/Hw8/Saved/BP_Blocks27C4F4DF4D199DF6BAABB58A337EDCC6.tmp' to '../../../../../../Ready Games Unity/forGitHub/HomeWork_8/Hw8/Content/BP_Blocks.uasset'
[2020.09.25-13.50.49:494][795]AssetCheck: New page: Asset Save: BP_Blocks
[2020.09.25-13.50.49:495][795]LogContentValidation: Display: Validating Blueprint /Game/BP_Blocks.BP_Blocks
[2020.09.25-13.50.52:620][859]LogTemp: Repeating last play command: Selected Viewport
[2020.09.25-13.50.52:650][859]LogPlayLevel: PlayLevel: No blueprints needed recompiling
[2020.09.25-13.50.52:650][859]PIE: New page: PIE session: Untitled (25 сент. 2020 г., 19:50:52)
[2020.09.25-13.50.52:651][859]LogPlayLevel: Creating play world package: /Game/UEDPIE_0_Untitled
[2020.09.25-13.50.52:677][859]LogPlayLevel: PIE: StaticDuplicateObject took: (0.026400s)
[2020.09.25-13.50.52:679][859]LogAIModule: Creating AISystem for world Untitled
[2020.09.25-13.50.52:680][859]LogPlayLevel: PIE: World Init took: (0.002500s)
[2020.09.25-13.50.52:680][859]LogPlayLevel: PIE: Created PIE world by copying editor world from /Game/Untitled.Untitled to /Game/UEDPIE_0_Untitled.Untitled (0.029240s)
[2020.09.25-13.50.52:771][859]LogUObjectHash: Compacting FUObjectHashTables data took   9.14ms
[2020.09.25-13.50.52:773][859]LogAudioMixer: Display: Audio Mixer Platform Settings:
[2020.09.25-13.50.52:773][859]LogAudioMixer: Display: 	Sample Rate:						  48000
[2020.09.25-13.50.52:773][859]LogAudioMixer: Display: 	Callback Buffer Frame Size Requested: 1024
[2020.09.25-13.50.52:773][859]LogAudioMixer: Display: 	Callback Buffer Frame Size To Use:	  1024
[2020.09.25-13.50.52:773][859]LogAudioMixer: Display: 	Number of buffers to queue:			  2
[2020.09.25-13.50.52:773][859]LogAudioMixer: Display: 	Max Channels (voices):				  32
[2020.09.25-13.50.52:773][859]LogAudioMixer: Display: 	Number of Async Source Workers:		  0
[2020.09.25-13.50.52:773][859]LogAudio: Display: AudioDevice MaxSources: 32
[2020.09.25-13.50.52:774][859]LogAudio: Display: Using built-in audio occlusion.
[2020.09.25-13.50.52:774][859]LogAudioMixer: Display: Initializing audio mixer.
[2020.09.25-13.50.52:791][859]LogAudioMixer: Display: Audio Device Output Speaker Info:
[2020.09.25-13.50.52:792][859]LogAudioMixer: Display: Name: Динамики (Realtek High Definition Audio)
[2020.09.25-13.50.52:792][859]LogAudioMixer: Display: Is Default: Yes
[2020.09.25-13.50.52:792][859]LogAudioMixer: Display: Sample Rate: 48000
[2020.09.25-13.50.52:792][859]LogAudioMixer: Display: Channel Count Used: 2
[2020.09.25-13.50.52:792][859]LogAudioMixer: Display: Device Channel Count: 2
[2020.09.25-13.50.52:792][859]LogAudioMixer: Display: Channel Order:
[2020.09.25-13.50.52:792][859]LogAudioMixer: Display: 0: FrontLeft
[2020.09.25-13.50.52:792][859]LogAudioMixer: Display: 1: FrontRight
[2020.09.25-13.50.52:810][859]LogAudioMixer: Display: Using Audio Device Динамики (Realtek High Definition Audio)
[2020.09.25-13.50.52:813][859]LogInit: FAudioDevice initialized.
[2020.09.25-13.50.52:821][859]LogLoad: Game class is 'GameModeBase'
[2020.09.25-13.50.52:838][859]LogWorld: Bringing World /Game/UEDPIE_0_Untitled.Untitled up for play (max tick rate 0) at 2020.09.25-16.50.52
[2020.09.25-13.50.52:839][859]LogWorld: Bringing up level for play took: 0.017165
[2020.09.25-13.50.52:839][859]LogOnline: OSS: Creating online subsystem instance for: :Context_10
[2020.09.25-13.50.52:843][859]PIE: Play in editor start time for /Game/UEDPIE_0_Untitled 0,79
[2020.09.25-13.51.03:685][700]LogAudioMixer: Display: No commands were queued while flushing the source manager.
[2020.09.25-13.51.03:685][700]LogAudioMixer: Display: No commands were queued while flushing the source manager.
[2020.09.25-13.51.03:685][700]LogSlate: Updating window title bar state: overlay mode, drag disabled, window buttons hidden, title bar hidden
[2020.09.25-13.51.03:685][700]LogWorld: BeginTearingDown for /Game/UEDPIE_0_Untitled
[2020.09.25-13.51.03:685][700]LogAudioMixer: Display: No commands were queued while flushing the source manager.
[2020.09.25-13.51.03:686][700]LogWorld: UWorld::CleanupWorld for Untitled, bSessionEnded=true, bCleanupResources=true
[2020.09.25-13.51.03:688][700]LogSlate: InvalidateAllWidgets triggered.  All widgets were invalidated
[2020.09.25-13.51.03:712][700]LogPlayLevel: Display: Shutting down PIE online subsystems
[2020.09.25-13.51.03:726][700]LogSlate: InvalidateAllWidgets triggered.  All widgets were invalidated
[2020.09.25-13.51.03:805][700]LogAudioMixer: Display: No commands were queued while flushing the source manager.
[2020.09.25-13.51.03:809][700]LogSlate: Updating window title bar state: overlay mode, drag disabled, window buttons hidden, title bar hidden
[2020.09.25-13.51.03:818][700]LogUObjectHash: Compacting FUObjectHashTables data took   7.24ms
[2020.09.25-13.51.03:866][701]LogPlayLevel: Display: Destroying online subsystem :Context_10
[2020.09.25-13.51.18:573][978]BlueprintLog: New page: Compile BP_Blocks
[2020.09.25-13.51.19:568][978]LogUObjectHash: Compacting FUObjectHashTables data took   8.18ms
[2020.09.25-13.51.21:449][988]Cmd: OBJ SAVEPACKAGE PACKAGE="/Game/BP_Blocks" FILE="../../../../../../Ready Games Unity/forGitHub/HomeWork_8/Hw8/Content/BP_Blocks.uasset" SILENT=true
[2020.09.25-13.51.21:478][988]LogSavePackage: Moving '../../../../../../Ready Games Unity/forGitHub/HomeWork_8/Hw8/Saved/BP_Blocks358626FE4ED71CC0D361248D4C15BA8D.tmp' to '../../../../../../Ready Games Unity/forGitHub/HomeWork_8/Hw8/Content/BP_Blocks.uasset'
[2020.09.25-13.51.21:502][988]AssetCheck: New page: Asset Save: BP_Blocks
[2020.09.25-13.51.21:503][988]LogContentValidation: Display: Validating Blueprint /Game/BP_Blocks.BP_Blocks
[2020.09.25-13.51.25:032][ 54]LogUObjectHash: Compacting FUObjectHashTables data took   9.02ms
[2020.09.25-13.51.25:054][ 54]Cmd: OBJ SAVEPACKAGE PACKAGE="/Game/Untitled" FILE="../../../../../../Ready Games Unity/forGitHub/HomeWork_8/Hw8/Content/Untitled.umap" SILENT=true AUTOSAVING=false KEEPDIRTY=false
[2020.09.25-13.51.25:132][ 54]LogUObjectHash: Compacting FUObjectHashTables data took   2.05ms
[2020.09.25-13.51.25:224][ 54]LogSavePackage: Moving '../../../../../../Ready Games Unity/forGitHub/HomeWork_8/Hw8/Saved/Untitled21591C9B4424F9135D5737A5727251E9.tmp' to '../../../../../../Ready Games Unity/forGitHub/HomeWork_8/Hw8/Content/Untitled.umap'
[2020.09.25-13.51.25:260][ 54]LogFileHelpers: Saving map 'Untitled' took 0.207
[2020.09.25-13.51.25:281][ 54]AssetCheck: New page: Asset Save: Untitled
[2020.09.25-13.51.25:281][ 54]LogContentValidation: Display: Validating World /Game/Untitled.Untitled
[2020.09.25-13.51.27:203][ 95]LogTemp: Repeating last play command: Selected Viewport
[2020.09.25-13.51.27:234][ 95]LogPlayLevel: PlayLevel: No blueprints needed recompiling
[2020.09.25-13.51.27:234][ 95]PIE: New page: PIE session: Untitled (25 сент. 2020 г., 19:51:27)
[2020.09.25-13.51.27:235][ 95]LogPlayLevel: Creating play world package: /Game/UEDPIE_0_Untitled
[2020.09.25-13.51.27:262][ 95]LogPlayLevel: PIE: StaticDuplicateObject took: (0.026891s)
[2020.09.25-13.51.27:265][ 95]LogAIModule: Creating AISystem for world Untitled
[2020.09.25-13.51.27:265][ 95]LogPlayLevel: PIE: World Init took: (0.002516s)
[2020.09.25-13.51.27:265][ 95]LogPlayLevel: PIE: Created PIE world by copying editor world from /Game/Untitled.Untitled to /Game/UEDPIE_0_Untitled.Untitled (0.030287s)
[2020.09.25-13.51.27:348][ 95]LogUObjectHash: Compacting FUObjectHashTables data took   7.24ms
[2020.09.25-13.51.27:349][ 95]LogAudioMixer: Display: Audio Mixer Platform Settings:
[2020.09.25-13.51.27:349][ 95]LogAudioMixer: Display: 	Sample Rate:						  48000
[2020.09.25-13.51.27:349][ 95]LogAudioMixer: Display: 	Callback Buffer Frame Size Requested: 1024
[2020.09.25-13.51.27:349][ 95]LogAudioMixer: Display: 	Callback Buffer Frame Size To Use:	  1024
[2020.09.25-13.51.27:349][ 95]LogAudioMixer: Display: 	Number of buffers to queue:			  2
[2020.09.25-13.51.27:349][ 95]LogAudioMixer: Display: 	Max Channels (voices):				  32
[2020.09.25-13.51.27:349][ 95]LogAudioMixer: Display: 	Number of Async Source Workers:		  0
[2020.09.25-13.51.27:349][ 95]LogAudio: Display: AudioDevice MaxSources: 32
[2020.09.25-13.51.27:350][ 95]LogAudio: Display: Using built-in audio occlusion.
[2020.09.25-13.51.27:350][ 95]LogAudioMixer: Display: Initializing audio mixer.
[2020.09.25-13.51.27:366][ 95]LogAudioMixer: Display: Audio Device Output Speaker Info:
[2020.09.25-13.51.27:366][ 95]LogAudioMixer: Display: Name: Динамики (Realtek High Definition Audio)
[2020.09.25-13.51.27:367][ 95]LogAudioMixer: Display: Is Default: Yes
[2020.09.25-13.51.27:367][ 95]LogAudioMixer: Display: Sample Rate: 48000
[2020.09.25-13.51.27:367][ 95]LogAudioMixer: Display: Channel Count Used: 2
[2020.09.25-13.51.27:367][ 95]LogAudioMixer: Display: Device Channel Count: 2
[2020.09.25-13.51.27:367][ 95]LogAudioMixer: Display: Channel Order:
[2020.09.25-13.51.27:367][ 95]LogAudioMixer: Display: 0: FrontLeft
[2020.09.25-13.51.27:367][ 95]LogAudioMixer: Display: 1: FrontRight
[2020.09.25-13.51.27:383][ 95]LogAudioMixer: Display: Using Audio Device Динамики (Realtek High Definition Audio)
[2020.09.25-13.51.27:386][ 95]LogInit: FAudioDevice initialized.
[2020.09.25-13.51.27:397][ 95]LogLoad: Game class is 'GameModeBase'
[2020.09.25-13.51.27:414][ 95]LogWorld: Bringing World /Game/UEDPIE_0_Untitled.Untitled up for play (max tick rate 0) at 2020.09.25-16.51.27
[2020.09.25-13.51.27:415][ 95]LogWorld: Bringing up level for play took: 0.017138
[2020.09.25-13.51.27:415][ 95]LogOnline: OSS: Creating online subsystem instance for: :Context_11
[2020.09.25-13.51.27:419][ 95]PIE: Play in editor start time for /Game/UEDPIE_0_Untitled -0,635
[2020.09.25-13.52.08:297][328]LogAudioMixer: Display: No commands were queued while flushing the source manager.
[2020.09.25-13.52.08:297][328]LogAudioMixer: Display: No commands were queued while flushing the source manager.
[2020.09.25-13.52.08:297][328]LogSlate: Updating window title bar state: overlay mode, drag disabled, window buttons hidden, title bar hidden
[2020.09.25-13.52.08:298][328]LogWorld: BeginTearingDown for /Game/UEDPIE_0_Untitled
[2020.09.25-13.52.08:298][328]LogAudioMixer: Display: No commands were queued while flushing the source manager.
[2020.09.25-13.52.08:298][328]LogWorld: UWorld::CleanupWorld for Untitled, bSessionEnded=true, bCleanupResources=true
[2020.09.25-13.52.08:300][328]LogSlate: InvalidateAllWidgets triggered.  All widgets were invalidated
[2020.09.25-13.52.08:324][328]LogPlayLevel: Display: Shutting down PIE online subsystems
[2020.09.25-13.52.08:338][328]LogSlate: InvalidateAllWidgets triggered.  All widgets were invalidated
[2020.09.25-13.52.08:413][328]LogAudioMixer: Display: No commands were queued while flushing the source manager.
[2020.09.25-13.52.08:417][328]LogSlate: Updating window title bar state: overlay mode, drag disabled, window buttons hidden, title bar hidden
[2020.09.25-13.52.08:428][328]LogUObjectHash: Compacting FUObjectHashTables data took   6.89ms
[2020.09.25-13.52.08:475][329]LogPlayLevel: Display: Destroying online subsystem :Context_11
[2020.09.25-13.52.28:969][723]BlueprintLog: New page: Compile BP_Blocks
[2020.09.25-13.52.29:982][723]LogUObjectHash: Compacting FUObjectHashTables data took   8.19ms
[2020.09.25-13.52.31:759][731]Cmd: OBJ SAVEPACKAGE PACKAGE="/Game/BP_Blocks" FILE="../../../../../../Ready Games Unity/forGitHub/HomeWork_8/Hw8/Content/BP_Blocks.uasset" SILENT=true
[2020.09.25-13.52.31:789][731]LogSavePackage: Moving '../../../../../../Ready Games Unity/forGitHub/HomeWork_8/Hw8/Saved/BP_BlocksB1E64D1B4E119FB0B86B48B391475090.tmp' to '../../../../../../Ready Games Unity/forGitHub/HomeWork_8/Hw8/Content/BP_Blocks.uasset'
[2020.09.25-13.52.31:816][731]AssetCheck: New page: Asset Save: BP_Blocks
[2020.09.25-13.52.31:817][731]LogContentValidation: Display: Validating Blueprint /Game/BP_Blocks.BP_Blocks
[2020.09.25-13.52.34:701][788]LogTemp: Repeating last play command: Selected Viewport
[2020.09.25-13.52.34:732][788]LogPlayLevel: PlayLevel: No blueprints needed recompiling
[2020.09.25-13.52.34:732][788]PIE: New page: PIE session: Untitled (25 сент. 2020 г., 19:52:34)
[2020.09.25-13.52.34:732][788]LogPlayLevel: Creating play world package: /Game/UEDPIE_0_Untitled
[2020.09.25-13.52.34:760][788]LogPlayLevel: PIE: StaticDuplicateObject took: (0.027972s)
[2020.09.25-13.52.34:763][788]LogAIModule: Creating AISystem for world Untitled
[2020.09.25-13.52.34:763][788]LogPlayLevel: PIE: World Init took: (0.002316s)
[2020.09.25-13.52.34:763][788]LogPlayLevel: PIE: Created PIE world by copying editor world from /Game/Untitled.Untitled to /Game/UEDPIE_0_Untitled.Untitled (0.031252s)
[2020.09.25-13.52.34:854][788]LogUObjectHash: Compacting FUObjectHashTables data took   8.97ms
[2020.09.25-13.52.34:855][788]LogAudioMixer: Display: Audio Mixer Platform Settings:
[2020.09.25-13.52.34:856][788]LogAudioMixer: Display: 	Sample Rate:						  48000
[2020.09.25-13.52.34:856][788]LogAudioMixer: Display: 	Callback Buffer Frame Size Requested: 1024
[2020.09.25-13.52.34:856][788]LogAudioMixer: Display: 	Callback Buffer Frame Size To Use:	  1024
[2020.09.25-13.52.34:856][788]LogAudioMixer: Display: 	Number of buffers to queue:			  2
[2020.09.25-13.52.34:856][788]LogAudioMixer: Display: 	Max Channels (voices):				  32
[2020.09.25-13.52.34:856][788]LogAudioMixer: Display: 	Number of Async Source Workers:		  0
[2020.09.25-13.52.34:856][788]LogAudio: Display: AudioDevice MaxSources: 32
[2020.09.25-13.52.34:857][788]LogAudio: Display: Using built-in audio occlusion.
[2020.09.25-13.52.34:857][788]LogAudioMixer: Display: Initializing audio mixer.
[2020.09.25-13.52.34:874][788]LogAudioMixer: Display: Audio Device Output Speaker Info:
[2020.09.25-13.52.34:874][788]LogAudioMixer: Display: Name: Динамики (Realtek High Definition Audio)
[2020.09.25-13.52.34:874][788]LogAudioMixer: Display: Is Default: Yes
[2020.09.25-13.52.34:874][788]LogAudioMixer: Display: Sample Rate: 48000
[2020.09.25-13.52.34:874][788]LogAudioMixer: Display: Channel Count Used: 2
[2020.09.25-13.52.34:874][788]LogAudioMixer: Display: Device Channel Count: 2
[2020.09.25-13.52.34:874][788]LogAudioMixer: Display: Channel Order:
[2020.09.25-13.52.34:874][788]LogAudioMixer: Display: 0: FrontLeft
[2020.09.25-13.52.34:874][788]LogAudioMixer: Display: 1: FrontRight
[2020.09.25-13.52.34:892][788]LogAudioMixer: Display: Using Audio Device Динамики (Realtek High Definition Audio)
[2020.09.25-13.52.34:895][788]LogInit: FAudioDevice initialized.
[2020.09.25-13.52.34:902][788]LogLoad: Game class is 'GameModeBase'
[2020.09.25-13.52.34:919][788]LogWorld: Bringing World /Game/UEDPIE_0_Untitled.Untitled up for play (max tick rate 0) at 2020.09.25-16.52.34
[2020.09.25-13.52.34:920][788]LogWorld: Bringing up level for play took: 0.016877
[2020.09.25-13.52.34:920][788]LogOnline: OSS: Creating online subsystem instance for: :Context_12
[2020.09.25-13.52.34:924][788]PIE: Play in editor start time for /Game/UEDPIE_0_Untitled 0,869
[2020.09.25-13.52.36:588][916]LogAudioMixer: Display: No commands were queued while flushing the source manager.
[2020.09.25-13.52.36:588][916]LogAudioMixer: Display: No commands were queued while flushing the source manager.
[2020.09.25-13.52.36:589][916]LogSlate: Updating window title bar state: overlay mode, drag disabled, window buttons hidden, title bar hidden
[2020.09.25-13.52.36:589][916]LogWorld: BeginTearingDown for /Game/UEDPIE_0_Untitled
[2020.09.25-13.52.36:589][916]LogAudioMixer: Display: No commands were queued while flushing the source manager.
[2020.09.25-13.52.36:589][916]LogWorld: UWorld::CleanupWorld for Untitled, bSessionEnded=true, bCleanupResources=true
[2020.09.25-13.52.36:592][916]LogSlate: InvalidateAllWidgets triggered.  All widgets were invalidated
[2020.09.25-13.52.36:615][916]LogPlayLevel: Display: Shutting down PIE online subsystems
[2020.09.25-13.52.36:629][916]LogSlate: InvalidateAllWidgets triggered.  All widgets were invalidated
[2020.09.25-13.52.36:708][916]LogAudioMixer: Display: No commands were queued while flushing the source manager.
[2020.09.25-13.52.36:711][916]LogSlate: Updating window title bar state: overlay mode, drag disabled, window buttons hidden, title bar hidden
[2020.09.25-13.52.36:721][916]LogUObjectHash: Compacting FUObjectHashTables data took   7.09ms
[2020.09.25-13.52.36:757][917]LogPlayLevel: Display: Destroying online subsystem :Context_12
[2020.09.25-13.52.39:159][ 18]LogUObjectHash: Compacting FUObjectHashTables data took   5.82ms
[2020.09.25-13.52.39:179][ 18]Cmd: OBJ SAVEPACKAGE PACKAGE="/Game/Untitled" FILE="../../../../../../Ready Games Unity/forGitHub/HomeWork_8/Hw8/Content/Untitled.umap" SILENT=true AUTOSAVING=false KEEPDIRTY=false
[2020.09.25-13.52.39:258][ 18]LogUObjectHash: Compacting FUObjectHashTables data took   2.07ms
[2020.09.25-13.52.39:352][ 18]LogSavePackage: Moving '../../../../../../Ready Games Unity/forGitHub/HomeWork_8/Hw8/Saved/UntitledF5D4E15B478CFB83039230B260953E69.tmp' to '../../../../../../Ready Games Unity/forGitHub/HomeWork_8/Hw8/Content/Untitled.umap'
[2020.09.25-13.52.39:390][ 18]LogFileHelpers: Saving map 'Untitled' took 0.211
[2020.09.25-13.52.39:410][ 18]AssetCheck: New page: Asset Save: Untitled
[2020.09.25-13.52.39:410][ 18]LogContentValidation: Display: Validating World /Game/Untitled.Untitled
[2020.09.25-13.52.40:250][ 38]LogTemp: Repeating last play command: Selected Viewport
[2020.09.25-13.52.40:282][ 38]LogPlayLevel: PlayLevel: No blueprints needed recompiling
[2020.09.25-13.52.40:282][ 38]PIE: New page: PIE session: Untitled (25 сент. 2020 г., 19:52:40)
[2020.09.25-13.52.40:283][ 38]LogPlayLevel: Creating play world package: /Game/UEDPIE_0_Untitled
[2020.09.25-13.52.40:307][ 38]LogPlayLevel: PIE: StaticDuplicateObject took: (0.024691s)
[2020.09.25-13.52.40:311][ 38]LogAIModule: Creating AISystem for world Untitled
[2020.09.25-13.52.40:311][ 38]LogPlayLevel: PIE: World Init took: (0.002555s)
[2020.09.25-13.52.40:311][ 38]LogPlayLevel: PIE: Created PIE world by copying editor world from /Game/Untitled.Untitled to /Game/UEDPIE_0_Untitled.Untitled (0.028464s)
[2020.09.25-13.52.40:395][ 38]LogUObjectHash: Compacting FUObjectHashTables data took   8.42ms
[2020.09.25-13.52.40:396][ 38]LogAudioMixer: Display: Audio Mixer Platform Settings:
[2020.09.25-13.52.40:396][ 38]LogAudioMixer: Display: 	Sample Rate:						  48000
[2020.09.25-13.52.40:396][ 38]LogAudioMixer: Display: 	Callback Buffer Frame Size Requested: 1024
[2020.09.25-13.52.40:396][ 38]LogAudioMixer: Display: 	Callback Buffer Frame Size To Use:	  1024
[2020.09.25-13.52.40:396][ 38]LogAudioMixer: Display: 	Number of buffers to queue:			  2
[2020.09.25-13.52.40:396][ 38]LogAudioMixer: Display: 	Max Channels (voices):				  32
[2020.09.25-13.52.40:396][ 38]LogAudioMixer: Display: 	Number of Async Source Workers:		  0
[2020.09.25-13.52.40:396][ 38]LogAudio: Display: AudioDevice MaxSources: 32
[2020.09.25-13.52.40:397][ 38]LogAudio: Display: Using built-in audio occlusion.
[2020.09.25-13.52.40:397][ 38]LogAudioMixer: Display: Initializing audio mixer.
[2020.09.25-13.52.40:415][ 38]LogAudioMixer: Display: Audio Device Output Speaker Info:
[2020.09.25-13.52.40:415][ 38]LogAudioMixer: Display: Name: Динамики (Realtek High Definition Audio)
[2020.09.25-13.52.40:415][ 38]LogAudioMixer: Display: Is Default: Yes
[2020.09.25-13.52.40:415][ 38]LogAudioMixer: Display: Sample Rate: 48000
[2020.09.25-13.52.40:415][ 38]LogAudioMixer: Display: Channel Count Used: 2
[2020.09.25-13.52.40:415][ 38]LogAudioMixer: Display: Device Channel Count: 2
[2020.09.25-13.52.40:415][ 38]LogAudioMixer: Display: Channel Order:
[2020.09.25-13.52.40:415][ 38]LogAudioMixer: Display: 0: FrontLeft
[2020.09.25-13.52.40:415][ 38]LogAudioMixer: Display: 1: FrontRight
[2020.09.25-13.52.40:433][ 38]LogAudioMixer: Display: Using Audio Device Динамики (Realtek High Definition Audio)
[2020.09.25-13.52.40:436][ 38]LogInit: FAudioDevice initialized.
[2020.09.25-13.52.40:444][ 38]LogLoad: Game class is 'GameModeBase'
[2020.09.25-13.52.40:461][ 38]LogWorld: Bringing World /Game/UEDPIE_0_Untitled.Untitled up for play (max tick rate 0) at 2020.09.25-16.52.40
[2020.09.25-13.52.40:462][ 38]LogWorld: Bringing up level for play took: 0.016875
[2020.09.25-13.52.40:462][ 38]LogOnline: OSS: Creating online subsystem instance for: :Context_13
[2020.09.25-13.52.40:466][ 38]PIE: Play in editor start time for /Game/UEDPIE_0_Untitled 0,411
[2020.09.25-13.53.14:041][726]LogAudioMixer: Display: No commands were queued while flushing the source manager.
[2020.09.25-13.53.14:041][726]LogAudioMixer: Display: No commands were queued while flushing the source manager.
[2020.09.25-13.53.14:041][726]LogSlate: Updating window title bar state: overlay mode, drag disabled, window buttons hidden, title bar hidden
[2020.09.25-13.53.14:041][726]LogWorld: BeginTearingDown for /Game/UEDPIE_0_Untitled
[2020.09.25-13.53.14:042][726]LogAudioMixer: Display: No commands were queued while flushing the source manager.
[2020.09.25-13.53.14:042][726]LogWorld: UWorld::CleanupWorld for Untitled, bSessionEnded=true, bCleanupResources=true
[2020.09.25-13.53.14:044][726]LogSlate: InvalidateAllWidgets triggered.  All widgets were invalidated
[2020.09.25-13.53.14:066][726]LogPlayLevel: Display: Shutting down PIE online subsystems
[2020.09.25-13.53.14:080][726]LogSlate: InvalidateAllWidgets triggered.  All widgets were invalidated
[2020.09.25-13.53.14:157][726]LogAudioMixer: Display: No commands were queued while flushing the source manager.
[2020.09.25-13.53.14:161][726]LogSlate: Updating window title bar state: overlay mode, drag disabled, window buttons hidden, title bar hidden
[2020.09.25-13.53.14:172][726]LogUObjectHash: Compacting FUObjectHashTables data took   7.23ms
[2020.09.25-13.53.14:221][727]LogPlayLevel: Display: Destroying online subsystem :Context_13
